<?xml version="1.0" encoding="UTF-8"?>
<!-- Generated by org.testng.reporters.JUnitXMLReporter -->
<testsuite hostname="DESKTOP-78H043L" ignored="0" name="Test" tests="87" failures="0" timestamp="2020-10-12T20:57:44 IST" time="87.344" errors="0">
  <testcase name="@BeforeMethod beforeMethod" time="39.04" classname="com.temp.test.TestsTemp">
    <failure type="org.openqa.selenium.ElementClickInterceptedException" message="element click intercepted: Element &amp;lt;a href=&amp;quot;javascript:void(0)&amp;quot; id=&amp;quot;h_sub_menu&amp;quot; class=&amp;quot;topnavmore&amp;quot;&amp;gt;&amp;lt;/a&amp;gt; is not clickable at point (985, 60). Other element would receive the click: &amp;lt;div class=&amp;quot;noti_bgstyle&amp;quot;&amp;gt;&amp;lt;/div&amp;gt;
  (Session info: chrome=86.0.4240.75)
Build info: version: &amp;apos;3.141.59&amp;apos;, revision: &amp;apos;e82be7d358&amp;apos;, time: &amp;apos;2018-11-14T08:17:03&amp;apos;
System info: host: &amp;apos;DESKTOP-78H043L&amp;apos;, ip: &amp;apos;192.168.0.102&amp;apos;, os.name: &amp;apos;Windows 10&amp;apos;, os.arch: &amp;apos;amd64&amp;apos;, os.version: &amp;apos;10.0&amp;apos;, java.version: &amp;apos;1.8.0_201&amp;apos;
Driver info: org.openqa.selenium.chrome.ChromeDriver
Capabilities {acceptInsecureCerts: false, browserName: chrome, browserVersion: 86.0.4240.75, chrome: {chromedriverVersion: 86.0.4240.22 (398b0743353ff..., userDataDir: C:\Users\Lenovo\AppData\Loc...}, goog:chromeOptions: {debuggerAddress: localhost:51885}, javascriptEnabled: true, networkConnectionEnabled: false, pageLoadStrategy: normal, platform: WINDOWS, platformName: WINDOWS, proxy: Proxy(), setWindowRect: true, strictFileInteractability: false, timeouts: {implicit: 0, pageLoad: 300000, script: 30000}, unhandledPromptBehavior: dismiss and notify, webauthn:virtualAuthenticators: true}
Session ID: 6c4e15ab94d0810c440ab94a7b97c409">
      <![CDATA[org.openqa.selenium.ElementClickInterceptedException: element click intercepted: Element <a href="javascript:void(0)" id="h_sub_menu" class="topnavmore"></a> is not clickable at point (985, 60). Other element would receive the click: <div class="noti_bgstyle"></div>
  (Session info: chrome=86.0.4240.75)
Build info: version: '3.141.59', revision: 'e82be7d358', time: '2018-11-14T08:17:03'
System info: host: 'DESKTOP-78H043L', ip: '192.168.0.102', os.name: 'Windows 10', os.arch: 'amd64', os.version: '10.0', java.version: '1.8.0_201'
Driver info: org.openqa.selenium.chrome.ChromeDriver
Capabilities {acceptInsecureCerts: false, browserName: chrome, browserVersion: 86.0.4240.75, chrome: {chromedriverVersion: 86.0.4240.22 (398b0743353ff..., userDataDir: C:\Users\Lenovo\AppData\Loc...}, goog:chromeOptions: {debuggerAddress: localhost:51885}, javascriptEnabled: true, networkConnectionEnabled: false, pageLoadStrategy: normal, platform: WINDOWS, platformName: WINDOWS, proxy: Proxy(), setWindowRect: true, strictFileInteractability: false, timeouts: {implicit: 0, pageLoad: 300000, script: 30000}, unhandledPromptBehavior: dismiss and notify, webauthn:virtualAuthenticators: true}
Session ID: 6c4e15ab94d0810c440ab94a7b97c409
at org.openqa.selenium.remote.http.W3CHttpResponseCodec.createException(W3CHttpResponseCodec.java:187)
at org.openqa.selenium.remote.http.W3CHttpResponseCodec.decode(W3CHttpResponseCodec.java:122)
at org.openqa.selenium.remote.http.W3CHttpResponseCodec.decode(W3CHttpResponseCodec.java:49)
at org.openqa.selenium.remote.HttpCommandExecutor.execute(HttpCommandExecutor.java:158)
at org.openqa.selenium.remote.service.DriverCommandExecutor.execute(DriverCommandExecutor.java:83)
at org.openqa.selenium.remote.RemoteWebDriver.execute(RemoteWebDriver.java:552)
at org.openqa.selenium.remote.RemoteWebElement.execute(RemoteWebElement.java:285)
at org.openqa.selenium.remote.RemoteWebElement.click(RemoteWebElement.java:84)
at com.temp.test.TestsTemp.beforeMethod(TestsTemp.java:57)
at java.util.concurrent.FutureTask.run(FutureTask.java:266)
at java.util.concurrent.Executors$RunnableAdapter.call(Executors.java:511)
at java.util.concurrent.FutureTask.run(FutureTask.java:266)
at java.util.concurrent.ThreadPoolExecutor.runWorker(ThreadPoolExecutor.java:1149)
at java.util.concurrent.ThreadPoolExecutor$Worker.run(ThreadPoolExecutor.java:624)
at java.lang.Thread.run(Thread.java:748)
... Removed 17 stack frames]]>
    </failure>
  </testcase> <!-- @BeforeMethod beforeMethod -->
  <testcase name="@AfterMethod afterMethod" time="-1.60251645386E9" classname="com.temp.test.TestsTemp">
    <skipped/>
  </testcase> <!-- @AfterMethod afterMethod -->
  <testcase name="@BeforeMethod beforeMethod" time="-1.602516453864E9" classname="com.temp.test.TestsTemp">
    <skipped/>
  </testcase> <!-- @BeforeMethod beforeMethod -->
  <testcase name="@AfterMethod afterMethod" time="-1.602516453873E9" classname="com.temp.test.TestsTemp">
    <skipped/>
  </testcase> <!-- @AfterMethod afterMethod -->
  <testcase name="@BeforeMethod beforeMethod" time="-1.602516453876E9" classname="com.temp.test.TestsTemp">
    <skipped/>
  </testcase> <!-- @BeforeMethod beforeMethod -->
  <testcase name="@AfterMethod afterMethod" time="-1.602516453885E9" classname="com.temp.test.TestsTemp">
    <skipped/>
  </testcase> <!-- @AfterMethod afterMethod -->
  <testcase name="@BeforeMethod beforeMethod" time="-1.602516453887E9" classname="com.temp.test.TestsTemp">
    <skipped/>
  </testcase> <!-- @BeforeMethod beforeMethod -->
  <testcase name="@AfterMethod afterMethod" time="-1.602516453898E9" classname="com.temp.test.TestsTemp">
    <skipped/>
  </testcase> <!-- @AfterMethod afterMethod -->
  <testcase name="@BeforeMethod beforeMethod" time="-1.6025164539E9" classname="com.temp.test.TestsTemp">
    <skipped/>
  </testcase> <!-- @BeforeMethod beforeMethod -->
  <testcase name="@AfterMethod afterMethod" time="-1.602516453909E9" classname="com.temp.test.TestsTemp">
    <skipped/>
  </testcase> <!-- @AfterMethod afterMethod -->
  <testcase name="@BeforeMethod beforeMethod" time="-1.602516453912E9" classname="com.temp.test.TestsTemp">
    <skipped/>
  </testcase> <!-- @BeforeMethod beforeMethod -->
  <testcase name="@AfterMethod afterMethod" time="-1.60251645392E9" classname="com.temp.test.TestsTemp">
    <skipped/>
  </testcase> <!-- @AfterMethod afterMethod -->
  <testcase name="@BeforeMethod beforeMethod" time="-1.602516453921E9" classname="com.temp.test.TestsTemp">
    <skipped/>
  </testcase> <!-- @BeforeMethod beforeMethod -->
  <testcase name="@AfterMethod afterMethod" time="-1.602516453928E9" classname="com.temp.test.TestsTemp">
    <skipped/>
  </testcase> <!-- @AfterMethod afterMethod -->
  <testcase name="@BeforeMethod beforeMethod" time="-1.602516453929E9" classname="com.temp.test.TestsTemp">
    <skipped/>
  </testcase> <!-- @BeforeMethod beforeMethod -->
  <testcase name="@AfterMethod afterMethod" time="-1.602516453934E9" classname="com.temp.test.TestsTemp">
    <skipped/>
  </testcase> <!-- @AfterMethod afterMethod -->
  <testcase name="@BeforeMethod beforeMethod" time="-1.602516453935E9" classname="com.temp.test.TestsTemp">
    <skipped/>
  </testcase> <!-- @BeforeMethod beforeMethod -->
  <testcase name="@AfterMethod afterMethod" time="-1.60251645394E9" classname="com.temp.test.TestsTemp">
    <skipped/>
  </testcase> <!-- @AfterMethod afterMethod -->
  <testcase name="@BeforeMethod beforeMethod" time="-1.602516453944E9" classname="com.temp.test.TestsTemp">
    <skipped/>
  </testcase> <!-- @BeforeMethod beforeMethod -->
  <testcase name="@AfterMethod afterMethod" time="-1.60251645395E9" classname="com.temp.test.TestsTemp">
    <skipped/>
  </testcase> <!-- @AfterMethod afterMethod -->
  <testcase name="@BeforeMethod beforeMethod" time="-1.602516453951E9" classname="com.temp.test.TestsTemp">
    <skipped/>
  </testcase> <!-- @BeforeMethod beforeMethod -->
  <testcase name="@AfterMethod afterMethod" time="-1.602516453957E9" classname="com.temp.test.TestsTemp">
    <skipped/>
  </testcase> <!-- @AfterMethod afterMethod -->
  <testcase name="@BeforeMethod beforeMethod" time="-1.602516453959E9" classname="com.temp.test.TestsTemp">
    <skipped/>
  </testcase> <!-- @BeforeMethod beforeMethod -->
  <testcase name="@AfterMethod afterMethod" time="-1.602516453965E9" classname="com.temp.test.TestsTemp">
    <skipped/>
  </testcase> <!-- @AfterMethod afterMethod -->
  <testcase name="@BeforeMethod beforeMethod" time="-1.602516453966E9" classname="com.temp.test.TestsTemp">
    <skipped/>
  </testcase> <!-- @BeforeMethod beforeMethod -->
  <testcase name="@AfterMethod afterMethod" time="-1.60251645397E9" classname="com.temp.test.TestsTemp">
    <skipped/>
  </testcase> <!-- @AfterMethod afterMethod -->
  <testcase name="@BeforeMethod beforeMethod" time="-1.602516453971E9" classname="com.temp.test.TestsTemp">
    <skipped/>
  </testcase> <!-- @BeforeMethod beforeMethod -->
  <testcase name="@AfterMethod afterMethod" time="-1.602516453975E9" classname="com.temp.test.TestsTemp">
    <skipped/>
  </testcase> <!-- @AfterMethod afterMethod -->
  <testcase name="@BeforeMethod beforeMethod" time="-1.602516453976E9" classname="com.temp.test.TestsTemp">
    <skipped/>
  </testcase> <!-- @BeforeMethod beforeMethod -->
  <testcase name="@AfterMethod afterMethod" time="-1.602516453979E9" classname="com.temp.test.TestsTemp">
    <skipped/>
  </testcase> <!-- @AfterMethod afterMethod -->
  <testcase name="@BeforeMethod beforeMethod" time="-1.60251645398E9" classname="com.temp.test.TestsTemp">
    <skipped/>
  </testcase> <!-- @BeforeMethod beforeMethod -->
  <testcase name="@AfterMethod afterMethod" time="-1.602516453984E9" classname="com.temp.test.TestsTemp">
    <skipped/>
  </testcase> <!-- @AfterMethod afterMethod -->
  <testcase name="@BeforeMethod beforeMethod" time="-1.602516453985E9" classname="com.temp.test.TestsTemp">
    <skipped/>
  </testcase> <!-- @BeforeMethod beforeMethod -->
  <testcase name="@AfterMethod afterMethod" time="-1.602516453989E9" classname="com.temp.test.TestsTemp">
    <skipped/>
  </testcase> <!-- @AfterMethod afterMethod -->
  <testcase name="@BeforeMethod beforeMethod" time="-1.602516453991E9" classname="com.temp.test.TestsTemp">
    <skipped/>
  </testcase> <!-- @BeforeMethod beforeMethod -->
  <testcase name="@AfterMethod afterMethod" time="-1.602516453995E9" classname="com.temp.test.TestsTemp">
    <skipped/>
  </testcase> <!-- @AfterMethod afterMethod -->
  <testcase name="@BeforeMethod beforeMethod" time="-1.602516453996E9" classname="com.temp.test.TestsTemp">
    <skipped/>
  </testcase> <!-- @BeforeMethod beforeMethod -->
  <testcase name="@AfterMethod afterMethod" time="-1.602516454E9" classname="com.temp.test.TestsTemp">
    <skipped/>
  </testcase> <!-- @AfterMethod afterMethod -->
  <testcase name="@BeforeMethod beforeMethod" time="-1.602516454001E9" classname="com.temp.test.TestsTemp">
    <skipped/>
  </testcase> <!-- @BeforeMethod beforeMethod -->
  <testcase name="@AfterMethod afterMethod" time="-1.602516454005E9" classname="com.temp.test.TestsTemp">
    <skipped/>
  </testcase> <!-- @AfterMethod afterMethod -->
  <testcase name="@BeforeMethod beforeMethod" time="-1.602516454007E9" classname="com.temp.test.TestsTemp">
    <skipped/>
  </testcase> <!-- @BeforeMethod beforeMethod -->
  <testcase name="@AfterMethod afterMethod" time="-1.602516454013E9" classname="com.temp.test.TestsTemp">
    <skipped/>
  </testcase> <!-- @AfterMethod afterMethod -->
  <testcase name="@BeforeMethod beforeMethod" time="-1.602516454014E9" classname="com.temp.test.TestsTemp">
    <skipped/>
  </testcase> <!-- @BeforeMethod beforeMethod -->
  <testcase name="@AfterMethod afterMethod" time="-1.602516454018E9" classname="com.temp.test.TestsTemp">
    <skipped/>
  </testcase> <!-- @AfterMethod afterMethod -->
  <testcase name="@BeforeMethod beforeMethod" time="-1.602516454019E9" classname="com.temp.test.TestsTemp">
    <skipped/>
  </testcase> <!-- @BeforeMethod beforeMethod -->
  <testcase name="@AfterMethod afterMethod" time="-1.602516454023E9" classname="com.temp.test.TestsTemp">
    <skipped/>
  </testcase> <!-- @AfterMethod afterMethod -->
  <testcase name="@BeforeMethod beforeMethod" time="-1.602516454024E9" classname="com.temp.test.TestsTemp">
    <skipped/>
  </testcase> <!-- @BeforeMethod beforeMethod -->
  <testcase name="@AfterMethod afterMethod" time="-1.602516454029E9" classname="com.temp.test.TestsTemp">
    <skipped/>
  </testcase> <!-- @AfterMethod afterMethod -->
  <testcase name="@BeforeMethod beforeMethod" time="-1.60251645403E9" classname="com.temp.test.TestsTemp">
    <skipped/>
  </testcase> <!-- @BeforeMethod beforeMethod -->
  <testcase name="@AfterMethod afterMethod" time="-1.602516454034E9" classname="com.temp.test.TestsTemp">
    <skipped/>
  </testcase> <!-- @AfterMethod afterMethod -->
  <testcase name="@BeforeMethod beforeMethod" time="-1.602516454034E9" classname="com.temp.test.TestsTemp">
    <skipped/>
  </testcase> <!-- @BeforeMethod beforeMethod -->
  <testcase name="@AfterMethod afterMethod" time="-1.602516454039E9" classname="com.temp.test.TestsTemp">
    <skipped/>
  </testcase> <!-- @AfterMethod afterMethod -->
  <testcase name="@BeforeMethod beforeMethod" time="-1.60251645404E9" classname="com.temp.test.TestsTemp">
    <skipped/>
  </testcase> <!-- @BeforeMethod beforeMethod -->
  <testcase name="@AfterMethod afterMethod" time="-1.602516454044E9" classname="com.temp.test.TestsTemp">
    <skipped/>
  </testcase> <!-- @AfterMethod afterMethod -->
  <testcase name="@BeforeMethod beforeMethod" time="-1.602516454045E9" classname="com.temp.test.TestsTemp">
    <skipped/>
  </testcase> <!-- @BeforeMethod beforeMethod -->
  <testcase name="@AfterMethod afterMethod" time="-1.602516454049E9" classname="com.temp.test.TestsTemp">
    <skipped/>
  </testcase> <!-- @AfterMethod afterMethod -->
  <testcase name="@BeforeMethod beforeMethod" time="-1.60251645405E9" classname="com.temp.test.TestsTemp">
    <skipped/>
  </testcase> <!-- @BeforeMethod beforeMethod -->
  <testcase name="@AfterMethod afterMethod" time="-1.602516454054E9" classname="com.temp.test.TestsTemp">
    <skipped/>
  </testcase> <!-- @AfterMethod afterMethod -->
  <testcase name="@BeforeMethod beforeMethod" time="-1.602516454057E9" classname="com.temp.test.TestsTemp">
    <skipped/>
  </testcase> <!-- @BeforeMethod beforeMethod -->
  <testcase name="@AfterMethod afterMethod" time="-1.602516454062E9" classname="com.temp.test.TestsTemp">
    <skipped/>
  </testcase> <!-- @AfterMethod afterMethod -->
  <testcase name="@BeforeMethod beforeMethod" time="-1.602516454063E9" classname="com.temp.test.TestsTemp">
    <skipped/>
  </testcase> <!-- @BeforeMethod beforeMethod -->
  <testcase name="@AfterMethod afterMethod" time="-1.60251645407E9" classname="com.temp.test.TestsTemp">
    <skipped/>
  </testcase> <!-- @AfterMethod afterMethod -->
  <testcase name="@BeforeMethod beforeMethod" time="-1.602516454073E9" classname="com.temp.test.TestsTemp">
    <skipped/>
  </testcase> <!-- @BeforeMethod beforeMethod -->
  <testcase name="@AfterMethod afterMethod" time="-1.60251645408E9" classname="com.temp.test.TestsTemp">
    <skipped/>
  </testcase> <!-- @AfterMethod afterMethod -->
  <testcase name="@BeforeMethod beforeMethod" time="-1.602516454081E9" classname="com.temp.test.TestsTemp">
    <skipped/>
  </testcase> <!-- @BeforeMethod beforeMethod -->
  <testcase name="@AfterMethod afterMethod" time="-1.602516454084E9" classname="com.temp.test.TestsTemp">
    <skipped/>
  </testcase> <!-- @AfterMethod afterMethod -->
  <testcase name="@BeforeMethod beforeMethod" time="-1.602516454085E9" classname="com.temp.test.TestsTemp">
    <skipped/>
  </testcase> <!-- @BeforeMethod beforeMethod -->
  <testcase name="@AfterMethod afterMethod" time="-1.60251645409E9" classname="com.temp.test.TestsTemp">
    <skipped/>
  </testcase> <!-- @AfterMethod afterMethod -->
  <testcase name="@BeforeMethod beforeMethod" time="-1.602516454092E9" classname="com.temp.test.TestsTemp">
    <skipped/>
  </testcase> <!-- @BeforeMethod beforeMethod -->
  <testcase name="@AfterMethod afterMethod" time="-1.602516454111E9" classname="com.temp.test.TestsTemp">
    <skipped/>
  </testcase> <!-- @AfterMethod afterMethod -->
  <testcase name="@BeforeMethod beforeMethod" time="-1.602516454112E9" classname="com.temp.test.TestsTemp">
    <skipped/>
  </testcase> <!-- @BeforeMethod beforeMethod -->
  <testcase name="@AfterMethod afterMethod" time="-1.602516454115E9" classname="com.temp.test.TestsTemp">
    <skipped/>
  </testcase> <!-- @AfterMethod afterMethod -->
  <testcase name="@BeforeMethod beforeMethod" time="-1.602516454116E9" classname="com.temp.test.TestsTemp">
    <skipped/>
  </testcase> <!-- @BeforeMethod beforeMethod -->
  <testcase name="@AfterMethod afterMethod" time="-1.602516454119E9" classname="com.temp.test.TestsTemp">
    <skipped/>
  </testcase> <!-- @AfterMethod afterMethod -->
  <testcase name="@BeforeMethod beforeMethod" time="-1.60251645412E9" classname="com.temp.test.TestsTemp">
    <skipped/>
  </testcase> <!-- @BeforeMethod beforeMethod -->
  <testcase name="@AfterMethod afterMethod" time="-1.602516454124E9" classname="com.temp.test.TestsTemp">
    <skipped/>
  </testcase> <!-- @AfterMethod afterMethod -->
  <testcase name="@BeforeMethod beforeMethod" time="-1.602516454125E9" classname="com.temp.test.TestsTemp">
    <skipped/>
  </testcase> <!-- @BeforeMethod beforeMethod -->
  <testcase name="@AfterMethod afterMethod" time="-1.602516454129E9" classname="com.temp.test.TestsTemp">
    <skipped/>
  </testcase> <!-- @AfterMethod afterMethod -->
  <testcase name="@BeforeMethod beforeMethod" time="-1.60251645413E9" classname="com.temp.test.TestsTemp">
    <skipped/>
  </testcase> <!-- @BeforeMethod beforeMethod -->
  <testcase name="@AfterMethod afterMethod" time="-1.602516454132E9" classname="com.temp.test.TestsTemp">
    <skipped/>
  </testcase> <!-- @AfterMethod afterMethod -->
  <testcase name="@BeforeMethod beforeMethod" time="-1.602516454133E9" classname="com.temp.test.TestsTemp">
    <skipped/>
  </testcase> <!-- @BeforeMethod beforeMethod -->
  <testcase name="@AfterMethod afterMethod" time="-1.60251645414E9" classname="com.temp.test.TestsTemp">
    <skipped/>
  </testcase> <!-- @AfterMethod afterMethod -->
  <testcase name="@BeforeMethod beforeMethod" time="-1.602516454142E9" classname="com.temp.test.TestsTemp">
    <skipped/>
  </testcase> <!-- @BeforeMethod beforeMethod -->
  <testcase name="@AfterMethod afterMethod" time="-1.602516454146E9" classname="com.temp.test.TestsTemp">
    <skipped/>
  </testcase> <!-- @AfterMethod afterMethod -->
  <testcase name="@BeforeMethod beforeMethod" time="-1.602516454147E9" classname="com.temp.test.TestsTemp">
    <skipped/>
  </testcase> <!-- @BeforeMethod beforeMethod -->
  <testcase name="@AfterMethod afterMethod" time="-1.60251645415E9" classname="com.temp.test.TestsTemp">
    <skipped/>
  </testcase> <!-- @AfterMethod afterMethod -->
  <testcase name="@BeforeMethod beforeMethod" time="-1.60251645415E9" classname="com.temp.test.TestsTemp">
    <skipped/>
  </testcase> <!-- @BeforeMethod beforeMethod -->
  <testcase name="@AfterMethod afterMethod" time="-1.602516454152E9" classname="com.temp.test.TestsTemp">
    <skipped/>
  </testcase> <!-- @AfterMethod afterMethod -->
  <testcase name="@BeforeMethod beforeMethod" time="-1.602516454153E9" classname="com.temp.test.TestsTemp">
    <skipped/>
  </testcase> <!-- @BeforeMethod beforeMethod -->
  <testcase name="@AfterMethod afterMethod" time="-1.602516454156E9" classname="com.temp.test.TestsTemp">
    <skipped/>
  </testcase> <!-- @AfterMethod afterMethod -->
  <testcase name="@BeforeMethod beforeMethod" time="-1.602516454157E9" classname="com.temp.test.TestsTemp">
    <skipped/>
  </testcase> <!-- @BeforeMethod beforeMethod -->
  <testcase name="@AfterMethod afterMethod" time="-1.602516454161E9" classname="com.temp.test.TestsTemp">
    <skipped/>
  </testcase> <!-- @AfterMethod afterMethod -->
  <testcase name="@BeforeMethod beforeMethod" time="-1.602516454161E9" classname="com.temp.test.TestsTemp">
    <skipped/>
  </testcase> <!-- @BeforeMethod beforeMethod -->
  <testcase name="@AfterMethod afterMethod" time="-1.602516454164E9" classname="com.temp.test.TestsTemp">
    <skipped/>
  </testcase> <!-- @AfterMethod afterMethod -->
  <testcase name="@BeforeMethod beforeMethod" time="-1.602516454164E9" classname="com.temp.test.TestsTemp">
    <skipped/>
  </testcase> <!-- @BeforeMethod beforeMethod -->
  <testcase name="@AfterMethod afterMethod" time="-1.602516454168E9" classname="com.temp.test.TestsTemp">
    <skipped/>
  </testcase> <!-- @AfterMethod afterMethod -->
  <testcase name="@BeforeMethod beforeMethod" time="-1.602516454168E9" classname="com.temp.test.TestsTemp">
    <skipped/>
  </testcase> <!-- @BeforeMethod beforeMethod -->
  <testcase name="@AfterMethod afterMethod" time="-1.602516454172E9" classname="com.temp.test.TestsTemp">
    <skipped/>
  </testcase> <!-- @AfterMethod afterMethod -->
  <testcase name="@BeforeMethod beforeMethod" time="-1.602516454174E9" classname="com.temp.test.TestsTemp">
    <skipped/>
  </testcase> <!-- @BeforeMethod beforeMethod -->
  <testcase name="@AfterMethod afterMethod" time="-1.602516454179E9" classname="com.temp.test.TestsTemp">
    <skipped/>
  </testcase> <!-- @AfterMethod afterMethod -->
  <testcase name="@BeforeMethod beforeMethod" time="-1.602516454184E9" classname="com.temp.test.TestsTemp">
    <skipped/>
  </testcase> <!-- @BeforeMethod beforeMethod -->
  <testcase name="@AfterMethod afterMethod" time="-1.602516454189E9" classname="com.temp.test.TestsTemp">
    <skipped/>
  </testcase> <!-- @AfterMethod afterMethod -->
  <testcase name="@BeforeMethod beforeMethod" time="-1.60251645419E9" classname="com.temp.test.TestsTemp">
    <skipped/>
  </testcase> <!-- @BeforeMethod beforeMethod -->
  <testcase name="@AfterMethod afterMethod" time="-1.602516454194E9" classname="com.temp.test.TestsTemp">
    <skipped/>
  </testcase> <!-- @AfterMethod afterMethod -->
  <testcase name="@BeforeMethod beforeMethod" time="-1.602516454195E9" classname="com.temp.test.TestsTemp">
    <skipped/>
  </testcase> <!-- @BeforeMethod beforeMethod -->
  <testcase name="@AfterMethod afterMethod" time="-1.602516454199E9" classname="com.temp.test.TestsTemp">
    <skipped/>
  </testcase> <!-- @AfterMethod afterMethod -->
  <testcase name="@BeforeMethod beforeMethod" time="-1.602516454201E9" classname="com.temp.test.TestsTemp">
    <skipped/>
  </testcase> <!-- @BeforeMethod beforeMethod -->
  <testcase name="@AfterMethod afterMethod" time="-1.602516454204E9" classname="com.temp.test.TestsTemp">
    <skipped/>
  </testcase> <!-- @AfterMethod afterMethod -->
  <testcase name="@BeforeMethod beforeMethod" time="-1.602516454205E9" classname="com.temp.test.TestsTemp">
    <skipped/>
  </testcase> <!-- @BeforeMethod beforeMethod -->
  <testcase name="@AfterMethod afterMethod" time="-1.602516454208E9" classname="com.temp.test.TestsTemp">
    <skipped/>
  </testcase> <!-- @AfterMethod afterMethod -->
  <testcase name="@BeforeMethod beforeMethod" time="-1.602516454209E9" classname="com.temp.test.TestsTemp">
    <skipped/>
  </testcase> <!-- @BeforeMethod beforeMethod -->
  <testcase name="@AfterMethod afterMethod" time="-1.602516454214E9" classname="com.temp.test.TestsTemp">
    <skipped/>
  </testcase> <!-- @AfterMethod afterMethod -->
  <testcase name="@BeforeMethod beforeMethod" time="-1.602516454215E9" classname="com.temp.test.TestsTemp">
    <skipped/>
  </testcase> <!-- @BeforeMethod beforeMethod -->
  <testcase name="@AfterMethod afterMethod" time="-1.602516454219E9" classname="com.temp.test.TestsTemp">
    <skipped/>
  </testcase> <!-- @AfterMethod afterMethod -->
  <testcase name="@BeforeMethod beforeMethod" time="-1.60251645422E9" classname="com.temp.test.TestsTemp">
    <skipped/>
  </testcase> <!-- @BeforeMethod beforeMethod -->
  <testcase name="@AfterMethod afterMethod" time="-1.602516454226E9" classname="com.temp.test.TestsTemp">
    <skipped/>
  </testcase> <!-- @AfterMethod afterMethod -->
  <testcase name="@BeforeMethod beforeMethod" time="-1.602516454227E9" classname="com.temp.test.TestsTemp">
    <skipped/>
  </testcase> <!-- @BeforeMethod beforeMethod -->
  <testcase name="@AfterMethod afterMethod" time="-1.60251645423E9" classname="com.temp.test.TestsTemp">
    <skipped/>
  </testcase> <!-- @AfterMethod afterMethod -->
  <testcase name="@BeforeMethod beforeMethod" time="-1.602516454231E9" classname="com.temp.test.TestsTemp">
    <skipped/>
  </testcase> <!-- @BeforeMethod beforeMethod -->
  <testcase name="@AfterMethod afterMethod" time="-1.602516454236E9" classname="com.temp.test.TestsTemp">
    <skipped/>
  </testcase> <!-- @AfterMethod afterMethod -->
  <testcase name="@BeforeMethod beforeMethod" time="-1.602516454237E9" classname="com.temp.test.TestsTemp">
    <skipped/>
  </testcase> <!-- @BeforeMethod beforeMethod -->
  <testcase name="@AfterMethod afterMethod" time="-1.602516454244E9" classname="com.temp.test.TestsTemp">
    <skipped/>
  </testcase> <!-- @AfterMethod afterMethod -->
  <testcase name="@BeforeMethod beforeMethod" time="-1.602516454246E9" classname="com.temp.test.TestsTemp">
    <skipped/>
  </testcase> <!-- @BeforeMethod beforeMethod -->
  <testcase name="@AfterMethod afterMethod" time="-1.602516454249E9" classname="com.temp.test.TestsTemp">
    <skipped/>
  </testcase> <!-- @AfterMethod afterMethod -->
  <testcase name="@BeforeMethod beforeMethod" time="-1.602516454252E9" classname="com.temp.test.TestsTemp">
    <skipped/>
  </testcase> <!-- @BeforeMethod beforeMethod -->
  <testcase name="@AfterMethod afterMethod" time="-1.602516454259E9" classname="com.temp.test.TestsTemp">
    <skipped/>
  </testcase> <!-- @AfterMethod afterMethod -->
  <testcase name="@BeforeMethod beforeMethod" time="-1.60251645426E9" classname="com.temp.test.TestsTemp">
    <skipped/>
  </testcase> <!-- @BeforeMethod beforeMethod -->
  <testcase name="@AfterMethod afterMethod" time="-1.602516454267E9" classname="com.temp.test.TestsTemp">
    <skipped/>
  </testcase> <!-- @AfterMethod afterMethod -->
  <testcase name="@BeforeMethod beforeMethod" time="-1.602516454268E9" classname="com.temp.test.TestsTemp">
    <skipped/>
  </testcase> <!-- @BeforeMethod beforeMethod -->
  <testcase name="@AfterMethod afterMethod" time="-1.602516454274E9" classname="com.temp.test.TestsTemp">
    <skipped/>
  </testcase> <!-- @AfterMethod afterMethod -->
  <testcase name="@BeforeMethod beforeMethod" time="-1.602516454276E9" classname="com.temp.test.TestsTemp">
    <skipped/>
  </testcase> <!-- @BeforeMethod beforeMethod -->
  <testcase name="@AfterMethod afterMethod" time="-1.602516454279E9" classname="com.temp.test.TestsTemp">
    <skipped/>
  </testcase> <!-- @AfterMethod afterMethod -->
  <testcase name="@BeforeMethod beforeMethod" time="-1.60251645428E9" classname="com.temp.test.TestsTemp">
    <skipped/>
  </testcase> <!-- @BeforeMethod beforeMethod -->
  <testcase name="@AfterMethod afterMethod" time="-1.602516454282E9" classname="com.temp.test.TestsTemp">
    <skipped/>
  </testcase> <!-- @AfterMethod afterMethod -->
  <testcase name="@BeforeMethod beforeMethod" time="-1.602516454283E9" classname="com.temp.test.TestsTemp">
    <skipped/>
  </testcase> <!-- @BeforeMethod beforeMethod -->
  <testcase name="@AfterMethod afterMethod" time="-1.602516454285E9" classname="com.temp.test.TestsTemp">
    <skipped/>
  </testcase> <!-- @AfterMethod afterMethod -->
  <testcase name="@BeforeMethod beforeMethod" time="-1.602516454286E9" classname="com.temp.test.TestsTemp">
    <skipped/>
  </testcase> <!-- @BeforeMethod beforeMethod -->
  <testcase name="@AfterMethod afterMethod" time="-1.602516454294E9" classname="com.temp.test.TestsTemp">
    <skipped/>
  </testcase> <!-- @AfterMethod afterMethod -->
  <testcase name="@BeforeMethod beforeMethod" time="-1.602516454296E9" classname="com.temp.test.TestsTemp">
    <skipped/>
  </testcase> <!-- @BeforeMethod beforeMethod -->
  <testcase name="@AfterMethod afterMethod" time="-1.602516454299E9" classname="com.temp.test.TestsTemp">
    <skipped/>
  </testcase> <!-- @AfterMethod afterMethod -->
  <testcase name="@BeforeMethod beforeMethod" time="-1.6025164543E9" classname="com.temp.test.TestsTemp">
    <skipped/>
  </testcase> <!-- @BeforeMethod beforeMethod -->
  <testcase name="@AfterMethod afterMethod" time="-1.602516454306E9" classname="com.temp.test.TestsTemp">
    <skipped/>
  </testcase> <!-- @AfterMethod afterMethod -->
  <testcase name="@BeforeMethod beforeMethod" time="-1.602516454308E9" classname="com.temp.test.TestsTemp">
    <skipped/>
  </testcase> <!-- @BeforeMethod beforeMethod -->
  <testcase name="@AfterMethod afterMethod" time="-1.602516454312E9" classname="com.temp.test.TestsTemp">
    <skipped/>
  </testcase> <!-- @AfterMethod afterMethod -->
  <testcase name="@BeforeMethod beforeMethod" time="-1.602516454314E9" classname="com.temp.test.TestsTemp">
    <skipped/>
  </testcase> <!-- @BeforeMethod beforeMethod -->
  <testcase name="@AfterMethod afterMethod" time="-1.602516454318E9" classname="com.temp.test.TestsTemp">
    <skipped/>
  </testcase> <!-- @AfterMethod afterMethod -->
  <testcase name="@BeforeMethod beforeMethod" time="-1.602516454319E9" classname="com.temp.test.TestsTemp">
    <skipped/>
  </testcase> <!-- @BeforeMethod beforeMethod -->
  <testcase name="@AfterMethod afterMethod" time="-1.602516454322E9" classname="com.temp.test.TestsTemp">
    <skipped/>
  </testcase> <!-- @AfterMethod afterMethod -->
  <testcase name="@BeforeMethod beforeMethod" time="-1.602516454323E9" classname="com.temp.test.TestsTemp">
    <skipped/>
  </testcase> <!-- @BeforeMethod beforeMethod -->
  <testcase name="@AfterMethod afterMethod" time="-1.602516454329E9" classname="com.temp.test.TestsTemp">
    <skipped/>
  </testcase> <!-- @AfterMethod afterMethod -->
  <testcase name="@BeforeMethod beforeMethod" time="-1.602516454332E9" classname="com.temp.test.TestsTemp">
    <skipped/>
  </testcase> <!-- @BeforeMethod beforeMethod -->
  <testcase name="@AfterMethod afterMethod" time="-1.602516454345E9" classname="com.temp.test.TestsTemp">
    <skipped/>
  </testcase> <!-- @AfterMethod afterMethod -->
  <testcase name="@BeforeMethod beforeMethod" time="-1.602516454347E9" classname="com.temp.test.TestsTemp">
    <skipped/>
  </testcase> <!-- @BeforeMethod beforeMethod -->
  <testcase name="@AfterMethod afterMethod" time="-1.60251645435E9" classname="com.temp.test.TestsTemp">
    <skipped/>
  </testcase> <!-- @AfterMethod afterMethod -->
  <testcase name="@BeforeMethod beforeMethod" time="-1.602516454351E9" classname="com.temp.test.TestsTemp">
    <skipped/>
  </testcase> <!-- @BeforeMethod beforeMethod -->
  <testcase name="@AfterMethod afterMethod" time="-1.602516454354E9" classname="com.temp.test.TestsTemp">
    <skipped/>
  </testcase> <!-- @AfterMethod afterMethod -->
  <testcase name="@BeforeMethod beforeMethod" time="-1.602516454355E9" classname="com.temp.test.TestsTemp">
    <skipped/>
  </testcase> <!-- @BeforeMethod beforeMethod -->
  <testcase name="@AfterMethod afterMethod" time="-1.60251645436E9" classname="com.temp.test.TestsTemp">
    <skipped/>
  </testcase> <!-- @AfterMethod afterMethod -->
  <testcase name="@BeforeMethod beforeMethod" time="-1.602516454361E9" classname="com.temp.test.TestsTemp">
    <skipped/>
  </testcase> <!-- @BeforeMethod beforeMethod -->
  <testcase name="@AfterMethod afterMethod" time="-1.602516454365E9" classname="com.temp.test.TestsTemp">
    <skipped/>
  </testcase> <!-- @AfterMethod afterMethod -->
  <testcase name="@BeforeMethod beforeMethod" time="-1.602516454366E9" classname="com.temp.test.TestsTemp">
    <skipped/>
  </testcase> <!-- @BeforeMethod beforeMethod -->
  <testcase name="@AfterMethod afterMethod" time="-1.602516454369E9" classname="com.temp.test.TestsTemp">
    <skipped/>
  </testcase> <!-- @AfterMethod afterMethod -->
  <testcase name="@BeforeMethod beforeMethod" time="-1.602516454369E9" classname="com.temp.test.TestsTemp">
    <skipped/>
  </testcase> <!-- @BeforeMethod beforeMethod -->
  <testcase name="@AfterMethod afterMethod" time="-1.602516454376E9" classname="com.temp.test.TestsTemp">
    <skipped/>
  </testcase> <!-- @AfterMethod afterMethod -->
  <testcase name="@BeforeMethod beforeMethod" time="-1.602516454377E9" classname="com.temp.test.TestsTemp">
    <skipped/>
  </testcase> <!-- @BeforeMethod beforeMethod -->
  <testcase name="@AfterMethod afterMethod" time="-1.60251645438E9" classname="com.temp.test.TestsTemp">
    <skipped/>
  </testcase> <!-- @AfterMethod afterMethod -->
  <testcase name="@BeforeMethod beforeMethod" time="-1.602516454382E9" classname="com.temp.test.TestsTemp">
    <skipped/>
  </testcase> <!-- @BeforeMethod beforeMethod -->
  <testcase name="@AfterMethod afterMethod" time="-1.602516454385E9" classname="com.temp.test.TestsTemp">
    <skipped/>
  </testcase> <!-- @AfterMethod afterMethod -->
  <testcase name="@BeforeMethod beforeMethod" time="-1.602516454386E9" classname="com.temp.test.TestsTemp">
    <skipped/>
  </testcase> <!-- @BeforeMethod beforeMethod -->
  <testcase name="@AfterMethod afterMethod" time="-1.6025164544E9" classname="com.temp.test.TestsTemp">
    <skipped/>
  </testcase> <!-- @AfterMethod afterMethod -->
  <testcase name="@AfterMethod afterMethod" time="-1.602516464846E9" classname="com.temp.test.TestsTemp">
    <skipped/>
  </testcase> <!-- @AfterMethod afterMethod -->
  <testcase name="TestAddCity" time="1.215" classname="com.temp.test.TestsTemp"/>
  <testcase name="getTemp" time="0.0" classname="com.temp.test.TestsTemp">
    <skipped/>
  </testcase> <!-- getTemp -->
  <testcase name="getTemp" time="0.0" classname="com.temp.test.TestsTemp">
    <skipped/>
  </testcase> <!-- getTemp -->
  <testcase name="getTemp" time="0.0" classname="com.temp.test.TestsTemp">
    <skipped/>
  </testcase> <!-- getTemp -->
  <testcase name="getTemp" time="0.0" classname="com.temp.test.TestsTemp">
    <skipped/>
  </testcase> <!-- getTemp -->
  <testcase name="getTemp" time="0.0" classname="com.temp.test.TestsTemp">
    <skipped/>
  </testcase> <!-- getTemp -->
  <testcase name="getTemp" time="0.0" classname="com.temp.test.TestsTemp">
    <skipped/>
  </testcase> <!-- getTemp -->
  <testcase name="getTemp" time="0.0" classname="com.temp.test.TestsTemp">
    <skipped/>
  </testcase> <!-- getTemp -->
  <testcase name="getTemp" time="0.0" classname="com.temp.test.TestsTemp">
    <skipped/>
  </testcase> <!-- getTemp -->
  <testcase name="getTemp" time="0.0" classname="com.temp.test.TestsTemp">
    <skipped/>
  </testcase> <!-- getTemp -->
  <testcase name="getTemp" time="0.0" classname="com.temp.test.TestsTemp">
    <skipped/>
  </testcase> <!-- getTemp -->
  <testcase name="getTemp" time="0.0" classname="com.temp.test.TestsTemp">
    <skipped/>
  </testcase> <!-- getTemp -->
  <testcase name="getTemp" time="0.0" classname="com.temp.test.TestsTemp">
    <skipped/>
  </testcase> <!-- getTemp -->
  <testcase name="getTemp" time="0.0" classname="com.temp.test.TestsTemp">
    <skipped/>
  </testcase> <!-- getTemp -->
  <testcase name="getTemp" time="0.0" classname="com.temp.test.TestsTemp">
    <skipped/>
  </testcase> <!-- getTemp -->
  <testcase name="getTemp" time="0.0" classname="com.temp.test.TestsTemp">
    <skipped/>
  </testcase> <!-- getTemp -->
  <testcase name="getTemp" time="0.0" classname="com.temp.test.TestsTemp">
    <skipped/>
  </testcase> <!-- getTemp -->
  <testcase name="getTemp" time="0.0" classname="com.temp.test.TestsTemp">
    <skipped/>
  </testcase> <!-- getTemp -->
  <testcase name="getTemp" time="0.0" classname="com.temp.test.TestsTemp">
    <skipped/>
  </testcase> <!-- getTemp -->
  <testcase name="getTemp" time="0.0" classname="com.temp.test.TestsTemp">
    <skipped/>
  </testcase> <!-- getTemp -->
  <testcase name="getTemp" time="0.0" classname="com.temp.test.TestsTemp">
    <skipped/>
  </testcase> <!-- getTemp -->
  <testcase name="getTemp" time="0.0" classname="com.temp.test.TestsTemp">
    <skipped/>
  </testcase> <!-- getTemp -->
  <testcase name="getTemp" time="0.0" classname="com.temp.test.TestsTemp">
    <skipped/>
  </testcase> <!-- getTemp -->
  <testcase name="getTemp" time="0.0" classname="com.temp.test.TestsTemp">
    <skipped/>
  </testcase> <!-- getTemp -->
  <testcase name="getTemp" time="0.0" classname="com.temp.test.TestsTemp">
    <skipped/>
  </testcase> <!-- getTemp -->
  <testcase name="getTemp" time="0.0" classname="com.temp.test.TestsTemp">
    <skipped/>
  </testcase> <!-- getTemp -->
  <testcase name="getTemp" time="0.0" classname="com.temp.test.TestsTemp">
    <skipped/>
  </testcase> <!-- getTemp -->
  <testcase name="getTemp" time="0.0" classname="com.temp.test.TestsTemp">
    <skipped/>
  </testcase> <!-- getTemp -->
  <testcase name="getTemp" time="0.0" classname="com.temp.test.TestsTemp">
    <skipped/>
  </testcase> <!-- getTemp -->
  <testcase name="getTemp" time="0.0" classname="com.temp.test.TestsTemp">
    <skipped/>
  </testcase> <!-- getTemp -->
  <testcase name="getTemp" time="0.0" classname="com.temp.test.TestsTemp">
    <skipped/>
  </testcase> <!-- getTemp -->
  <testcase name="getTemp" time="0.0" classname="com.temp.test.TestsTemp">
    <skipped/>
  </testcase> <!-- getTemp -->
  <testcase name="getTemp" time="0.0" classname="com.temp.test.TestsTemp">
    <skipped/>
  </testcase> <!-- getTemp -->
  <testcase name="getTemp" time="0.0" classname="com.temp.test.TestsTemp">
    <skipped/>
  </testcase> <!-- getTemp -->
  <testcase name="getTemp" time="0.0" classname="com.temp.test.TestsTemp">
    <skipped/>
  </testcase> <!-- getTemp -->
  <testcase name="getTemp" time="0.0" classname="com.temp.test.TestsTemp">
    <skipped/>
  </testcase> <!-- getTemp -->
  <testcase name="getTemp" time="0.0" classname="com.temp.test.TestsTemp">
    <skipped/>
  </testcase> <!-- getTemp -->
  <testcase name="getTemp" time="0.0" classname="com.temp.test.TestsTemp">
    <skipped/>
  </testcase> <!-- getTemp -->
  <testcase name="getTemp" time="0.0" classname="com.temp.test.TestsTemp">
    <skipped/>
  </testcase> <!-- getTemp -->
  <testcase name="getTemp" time="0.0" classname="com.temp.test.TestsTemp">
    <skipped/>
  </testcase> <!-- getTemp -->
  <testcase name="getTemp" time="0.0" classname="com.temp.test.TestsTemp">
    <skipped/>
  </testcase> <!-- getTemp -->
  <testcase name="getTemp" time="0.0" classname="com.temp.test.TestsTemp">
    <skipped/>
  </testcase> <!-- getTemp -->
  <testcase name="getTemp" time="0.0" classname="com.temp.test.TestsTemp">
    <skipped/>
  </testcase> <!-- getTemp -->
  <testcase name="getTemp" time="0.0" classname="com.temp.test.TestsTemp">
    <skipped/>
  </testcase> <!-- getTemp -->
  <testcase name="getTemp" time="0.0" classname="com.temp.test.TestsTemp">
    <skipped/>
  </testcase> <!-- getTemp -->
  <testcase name="getTemp" time="0.0" classname="com.temp.test.TestsTemp">
    <skipped/>
  </testcase> <!-- getTemp -->
  <testcase name="getTemp" time="0.0" classname="com.temp.test.TestsTemp">
    <skipped/>
  </testcase> <!-- getTemp -->
  <testcase name="getTemp" time="0.0" classname="com.temp.test.TestsTemp">
    <skipped/>
  </testcase> <!-- getTemp -->
  <testcase name="getTemp" time="0.0" classname="com.temp.test.TestsTemp">
    <skipped/>
  </testcase> <!-- getTemp -->
  <testcase name="getTemp" time="0.0" classname="com.temp.test.TestsTemp">
    <skipped/>
  </testcase> <!-- getTemp -->
  <testcase name="getTemp" time="0.0" classname="com.temp.test.TestsTemp">
    <skipped/>
  </testcase> <!-- getTemp -->
  <testcase name="getTemp" time="0.0" classname="com.temp.test.TestsTemp">
    <skipped/>
  </testcase> <!-- getTemp -->
  <testcase name="getTemp" time="0.0" classname="com.temp.test.TestsTemp">
    <skipped/>
  </testcase> <!-- getTemp -->
  <testcase name="getTemp" time="0.0" classname="com.temp.test.TestsTemp">
    <skipped/>
  </testcase> <!-- getTemp -->
  <testcase name="getTemp" time="0.0" classname="com.temp.test.TestsTemp">
    <skipped/>
  </testcase> <!-- getTemp -->
  <testcase name="getTemp" time="0.0" classname="com.temp.test.TestsTemp">
    <skipped/>
  </testcase> <!-- getTemp -->
  <testcase name="getTemp" time="0.0" classname="com.temp.test.TestsTemp">
    <skipped/>
  </testcase> <!-- getTemp -->
  <testcase name="getTemp" time="0.0" classname="com.temp.test.TestsTemp">
    <skipped/>
  </testcase> <!-- getTemp -->
  <testcase name="getTemp" time="0.0" classname="com.temp.test.TestsTemp">
    <skipped/>
  </testcase> <!-- getTemp -->
  <testcase name="getTemp" time="0.0" classname="com.temp.test.TestsTemp">
    <skipped/>
  </testcase> <!-- getTemp -->
  <testcase name="getTemp" time="0.0" classname="com.temp.test.TestsTemp">
    <skipped/>
  </testcase> <!-- getTemp -->
  <testcase name="getTemp" time="0.0" classname="com.temp.test.TestsTemp">
    <skipped/>
  </testcase> <!-- getTemp -->
  <testcase name="getTemp" time="0.0" classname="com.temp.test.TestsTemp">
    <skipped/>
  </testcase> <!-- getTemp -->
  <testcase name="getTemp" time="0.0" classname="com.temp.test.TestsTemp">
    <skipped/>
  </testcase> <!-- getTemp -->
  <testcase name="getTemp" time="0.0" classname="com.temp.test.TestsTemp">
    <skipped/>
  </testcase> <!-- getTemp -->
  <testcase name="getTemp" time="0.0" classname="com.temp.test.TestsTemp">
    <skipped/>
  </testcase> <!-- getTemp -->
  <testcase name="getTemp" time="0.0" classname="com.temp.test.TestsTemp">
    <skipped/>
  </testcase> <!-- getTemp -->
  <testcase name="getTemp" time="0.0" classname="com.temp.test.TestsTemp">
    <skipped/>
  </testcase> <!-- getTemp -->
  <testcase name="getTemp" time="0.0" classname="com.temp.test.TestsTemp">
    <skipped/>
  </testcase> <!-- getTemp -->
  <testcase name="getTemp" time="0.0" classname="com.temp.test.TestsTemp">
    <skipped/>
  </testcase> <!-- getTemp -->
  <testcase name="getTemp" time="0.0" classname="com.temp.test.TestsTemp">
    <skipped/>
  </testcase> <!-- getTemp -->
  <testcase name="getTemp" time="0.0" classname="com.temp.test.TestsTemp">
    <skipped/>
  </testcase> <!-- getTemp -->
  <testcase name="getTemp" time="0.0" classname="com.temp.test.TestsTemp">
    <skipped/>
  </testcase> <!-- getTemp -->
  <testcase name="getTemp" time="0.0" classname="com.temp.test.TestsTemp">
    <skipped/>
  </testcase> <!-- getTemp -->
  <testcase name="getTemp" time="0.0" classname="com.temp.test.TestsTemp">
    <skipped/>
  </testcase> <!-- getTemp -->
  <testcase name="getTemp" time="0.0" classname="com.temp.test.TestsTemp">
    <skipped/>
  </testcase> <!-- getTemp -->
  <testcase name="getTemp" time="0.0" classname="com.temp.test.TestsTemp">
    <skipped/>
  </testcase> <!-- getTemp -->
  <testcase name="getTemp" time="0.0" classname="com.temp.test.TestsTemp">
    <skipped/>
  </testcase> <!-- getTemp -->
  <testcase name="getTemp" time="0.0" classname="com.temp.test.TestsTemp">
    <skipped/>
  </testcase> <!-- getTemp -->
  <testcase name="getTemp" time="0.0" classname="com.temp.test.TestsTemp">
    <skipped/>
  </testcase> <!-- getTemp -->
  <testcase name="getTemp" time="0.0" classname="com.temp.test.TestsTemp">
    <skipped/>
  </testcase> <!-- getTemp -->
  <testcase name="getTemp" time="0.0" classname="com.temp.test.TestsTemp">
    <skipped/>
  </testcase> <!-- getTemp -->
  <testcase name="getTemp" time="0.0" classname="com.temp.test.TestsTemp">
    <skipped/>
  </testcase> <!-- getTemp -->
  <testcase name="getTemp" time="0.0" classname="com.temp.test.TestsTemp">
    <skipped/>
  </testcase> <!-- getTemp -->
  <testcase name="getTemp" time="0.0" classname="com.temp.test.TestsTemp">
    <skipped/>
  </testcase> <!-- getTemp -->
  <testcase name="getTemp" time="0.0" classname="com.temp.test.TestsTemp">
    <skipped/>
  </testcase> <!-- getTemp -->
  <testcase name="getTemp" time="0.0" classname="com.temp.test.TestsTemp">
    <skipped/>
  </testcase> <!-- getTemp -->
</testsuite> <!-- Test -->
