<?xml version="1.0" encoding="UTF-8"?>
<testsuite xmlns:xsi="http://www.w3.org/2001/XMLSchema-instance" xsi:noNamespaceSchemaLocation="https://maven.apache.org/surefire/maven-surefire-plugin/xsd/surefire-test-report-3.0.xsd" version="3.0" name="TestSuite" time="103.752" tests="89" errors="0" skipped="0" failures="26">
  <properties>
[...]
</properties>
  <testcase name="TestAddCity" classname="com.temp.test.TestsWeather" time="1.143">
    <system-out><![CDATA[0 [main] INFO org.apache.log4j.Logger  - Logging events
4561 [main] INFO org.apache.log4j.Logger  - Opening Chrome Browser
24314 [main] INFO org.apache.log4j.Logger  - Clicked on 'No Thanks' Prompt
36711 [main] INFO org.apache.log4j.Logger  - Open Weather Menu
Getting list of Cities
1
39406 [main] INFO org.apache.log4j.Logger  - List of City captured successfully 86
]]></system-out>
    <system-err><![CDATA[Starting ChromeDriver 86.0.4240.22 (398b0743353ff36fb1b82468f63a3a93b4e2e89e-refs/branch-heads/4240@{#378}) on port 42081
Only local connections are allowed.
Please see https://chromedriver.chromium.org/security-considerations for suggestions on keeping ChromeDriver safe.
ChromeDriver was started successfully.
Oct 15, 2020 5:16:49 AM org.openqa.selenium.remote.ProtocolHandshake createSession
INFO: Detected dialect: W3C
]]></system-err>
  </testcase>
  <testcase name="TestPrintCities" classname="com.temp.test.TestsWeather" time="0.069">
    <system-out><![CDATA[Ahmedabad
Ajmer
Aligarh
Allahabad
Alwar
Amritsar
Bengaluru
Bellary
Bhilai
Bhilwara
Bhiwandi
Bhopal
Bhubaneswar
Bikaner
Bilaspur
Bokaro
Chandigarh
Chennai
Coimbatore
Dehra Dun
Dhanbad
Dhule
Ganganagar
Gaya
Gorakhpur
Guwahati
Gwalior
Hapur
Hisar
Hubli
Hyderabad
Imphal
Indore
Jabalpur
Jaipur
Jalandhar
Jammu
Jamnagar
Jamshedpur
Jhansi
Jodhpur
Kanpur
Karnal
Kharagpur
Kolhapur
Kolkata
Kota
Lucknow
Ludhiana
Madurai
Mangalore
Meerut
Moradabad
Mumbai
Muzaffarnagar
Muzaffarpur
Mysore
Nagpur
Nanded
Nashik
Navi Mumbai
New Delhi
Panipat
Patiala
Patna
Pondicherry
Pune
Raipur
Rajkot
Ranchi
Ratlam
Rohtak
Saharanpur
Sholapur
Sikandarabad
Srinagar
Surat
Thiruvananthapuram
Tiruchchirappalli
Tirupati
Udaipur
Vadodara
Varanasi
Vijayawada
Visakhapatnam
Warangal
39411 [main] INFO org.apache.log4j.Logger  - Displayed cities successfully
]]></system-out>
  </testcase>
  <testcase name="unCheckCities" classname="com.temp.test.TestsWeather" time="2.822">
    <system-out><![CDATA[39425 [main] INFO org.apache.log4j.Logger  - Uncheck all cities 
]]></system-out>
  </testcase>
  <testcase name="getTemp[com.temp.test.City@654d968c](1)" classname="com.temp.test.TestsWeather" time="6.391">
    <system-out><![CDATA[42327 [TestNG-PoolService-2] INFO org.apache.log4j.Logger  - Select the city on the pin menu
42327 [TestNG-PoolService-6] INFO org.apache.log4j.Logger  - Select the city on the pin menu
42327 [TestNG-PoolService-9] INFO org.apache.log4j.Logger  - Select the city on the pin menu
42328 [TestNG-PoolService-4] INFO org.apache.log4j.Logger  - Select the city on the pin menu
42328 [TestNG-PoolService-5] INFO org.apache.log4j.Logger  - Select the city on the pin menu
42329 [TestNG-PoolService-0] INFO org.apache.log4j.Logger  - Select the city on the pin menu
42329 [TestNG-PoolService-1] INFO org.apache.log4j.Logger  - Select the city on the pin menu
42327 [TestNG-PoolService-7] INFO org.apache.log4j.Logger  - Select the city on the pin menu
42329 [TestNG-PoolService-8] INFO org.apache.log4j.Logger  - Select the city on the pin menu
42329 [TestNG-PoolService-3] INFO org.apache.log4j.Logger  - Select the city on the pin menu
44001 [TestNG-PoolService-6] INFO org.apache.log4j.Logger  - Temperature on UI is 25.0 for City Bengaluru
44001 [TestNG-PoolService-6] INFO org.apache.log4j.Logger  - Get Temp using API
44480 [TestNG-PoolService-9] INFO org.apache.log4j.Logger  - Temperature on UI is 34.0 for City Bhilwara
44480 [TestNG-PoolService-9] INFO org.apache.log4j.Logger  - Get Temp using API
45151 [TestNG-PoolService-6] DEBUG org.apache.http.impl.conn.BasicClientConnectionManager  - Get connection for route {}->http://api.openweathermap.org:80
45151 [TestNG-PoolService-9] DEBUG org.apache.http.impl.conn.BasicClientConnectionManager  - Get connection for route {}->http://api.openweathermap.org:80
45161 [TestNG-PoolService-6] DEBUG org.apache.http.impl.conn.DefaultClientConnectionOperator  - Connecting to api.openweathermap.org:80
45161 [TestNG-PoolService-9] DEBUG org.apache.http.impl.conn.DefaultClientConnectionOperator  - Connecting to api.openweathermap.org:80
45234 [TestNG-PoolService-4] INFO org.apache.log4j.Logger  - Temperature on UI is 34.0 for City Alwar
45235 [TestNG-PoolService-4] INFO org.apache.log4j.Logger  - Get Temp using API
45248 [TestNG-PoolService-6] DEBUG org.apache.http.client.protocol.RequestAddCookies  - CookieSpec selected: ignoreCookies
45248 [TestNG-PoolService-4] DEBUG org.apache.http.impl.conn.BasicClientConnectionManager  - Get connection for route {}->http://api.openweathermap.org:80
45248 [TestNG-PoolService-9] DEBUG org.apache.http.client.protocol.RequestAddCookies  - CookieSpec selected: ignoreCookies
45248 [TestNG-PoolService-4] DEBUG org.apache.http.impl.conn.DefaultClientConnectionOperator  - Connecting to api.openweathermap.org:80
45249 [TestNG-PoolService-6] DEBUG org.apache.http.client.protocol.RequestAuthCache  - Auth cache not set in the context
45249 [TestNG-PoolService-9] DEBUG org.apache.http.client.protocol.RequestAuthCache  - Auth cache not set in the context
45250 [TestNG-PoolService-6] DEBUG org.apache.http.client.protocol.RequestTargetAuthentication  - Target auth state: UNCHALLENGED
45250 [TestNG-PoolService-9] DEBUG org.apache.http.client.protocol.RequestTargetAuthentication  - Target auth state: UNCHALLENGED
45250 [TestNG-PoolService-6] DEBUG org.apache.http.client.protocol.RequestProxyAuthentication  - Proxy auth state: UNCHALLENGED
45250 [TestNG-PoolService-9] DEBUG org.apache.http.client.protocol.RequestProxyAuthentication  - Proxy auth state: UNCHALLENGED
45251 [TestNG-PoolService-6] DEBUG org.apache.http.impl.client.DefaultHttpClient  - Attempt 1 to execute request
45251 [TestNG-PoolService-9] DEBUG org.apache.http.impl.client.DefaultHttpClient  - Attempt 1 to execute request
45251 [TestNG-PoolService-6] DEBUG org.apache.http.impl.conn.DefaultClientConnection  - Sending request: GET /data/2.5/weather?q=Bengaluru&appid=7fe67bf08c80ded756e598d6f8fedaea HTTP/1.1
45251 [TestNG-PoolService-9] DEBUG org.apache.http.impl.conn.DefaultClientConnection  - Sending request: GET /data/2.5/weather?q=Bhilwara&appid=7fe67bf08c80ded756e598d6f8fedaea HTTP/1.1
45252 [TestNG-PoolService-6] DEBUG org.apache.http.wire  -  >> "GET /data/2.5/weather?q=Bengaluru&appid=7fe67bf08c80ded756e598d6f8fedaea HTTP/1.1[\r][\n]"
45252 [TestNG-PoolService-9] DEBUG org.apache.http.wire  -  >> "GET /data/2.5/weather?q=Bhilwara&appid=7fe67bf08c80ded756e598d6f8fedaea HTTP/1.1[\r][\n]"
45253 [TestNG-PoolService-6] DEBUG org.apache.http.wire  -  >> "Accept: */*[\r][\n]"
45253 [TestNG-PoolService-9] DEBUG org.apache.http.wire  -  >> "Accept: */*[\r][\n]"
45253 [TestNG-PoolService-6] DEBUG org.apache.http.wire  -  >> "Host: api.openweathermap.org[\r][\n]"
45253 [TestNG-PoolService-9] DEBUG org.apache.http.wire  -  >> "Host: api.openweathermap.org[\r][\n]"
45253 [TestNG-PoolService-6] DEBUG org.apache.http.wire  -  >> "Connection: Keep-Alive[\r][\n]"
45253 [TestNG-PoolService-9] DEBUG org.apache.http.wire  -  >> "Connection: Keep-Alive[\r][\n]"
45253 [TestNG-PoolService-6] DEBUG org.apache.http.wire  -  >> "User-Agent: Apache-HttpClient/4.5.3 (Java/1.8.0_201)[\r][\n]"
45254 [TestNG-PoolService-9] DEBUG org.apache.http.wire  -  >> "User-Agent: Apache-HttpClient/4.5.3 (Java/1.8.0_201)[\r][\n]"
45254 [TestNG-PoolService-6] DEBUG org.apache.http.wire  -  >> "Accept-Encoding: gzip,deflate[\r][\n]"
45254 [TestNG-PoolService-9] DEBUG org.apache.http.wire  -  >> "Accept-Encoding: gzip,deflate[\r][\n]"
45254 [TestNG-PoolService-6] DEBUG org.apache.http.wire  -  >> "[\r][\n]"
45254 [TestNG-PoolService-9] DEBUG org.apache.http.wire  -  >> "[\r][\n]"
45254 [TestNG-PoolService-6] DEBUG org.apache.http.headers  - >> GET /data/2.5/weather?q=Bengaluru&appid=7fe67bf08c80ded756e598d6f8fedaea HTTP/1.1
45254 [TestNG-PoolService-9] DEBUG org.apache.http.headers  - >> GET /data/2.5/weather?q=Bhilwara&appid=7fe67bf08c80ded756e598d6f8fedaea HTTP/1.1
45254 [TestNG-PoolService-6] DEBUG org.apache.http.headers  - >> Accept: */*
45254 [TestNG-PoolService-9] DEBUG org.apache.http.headers  - >> Accept: */*
45254 [TestNG-PoolService-6] DEBUG org.apache.http.headers  - >> Host: api.openweathermap.org
45254 [TestNG-PoolService-9] DEBUG org.apache.http.headers  - >> Host: api.openweathermap.org
45254 [TestNG-PoolService-6] DEBUG org.apache.http.headers  - >> Connection: Keep-Alive
45254 [TestNG-PoolService-9] DEBUG org.apache.http.headers  - >> Connection: Keep-Alive
45255 [TestNG-PoolService-6] DEBUG org.apache.http.headers  - >> User-Agent: Apache-HttpClient/4.5.3 (Java/1.8.0_201)
45255 [TestNG-PoolService-9] DEBUG org.apache.http.headers  - >> User-Agent: Apache-HttpClient/4.5.3 (Java/1.8.0_201)
45255 [TestNG-PoolService-6] DEBUG org.apache.http.headers  - >> Accept-Encoding: gzip,deflate
45255 [TestNG-PoolService-9] DEBUG org.apache.http.headers  - >> Accept-Encoding: gzip,deflate
45307 [TestNG-PoolService-4] DEBUG org.apache.http.client.protocol.RequestAddCookies  - CookieSpec selected: ignoreCookies
45307 [TestNG-PoolService-4] DEBUG org.apache.http.client.protocol.RequestAuthCache  - Auth cache not set in the context
45307 [TestNG-PoolService-4] DEBUG org.apache.http.client.protocol.RequestTargetAuthentication  - Target auth state: UNCHALLENGED
45307 [TestNG-PoolService-4] DEBUG org.apache.http.client.protocol.RequestProxyAuthentication  - Proxy auth state: UNCHALLENGED
45307 [TestNG-PoolService-4] DEBUG org.apache.http.impl.client.DefaultHttpClient  - Attempt 1 to execute request
45307 [TestNG-PoolService-4] DEBUG org.apache.http.impl.conn.DefaultClientConnection  - Sending request: GET /data/2.5/weather?q=Alwar&appid=7fe67bf08c80ded756e598d6f8fedaea HTTP/1.1
45308 [TestNG-PoolService-4] DEBUG org.apache.http.wire  -  >> "GET /data/2.5/weather?q=Alwar&appid=7fe67bf08c80ded756e598d6f8fedaea HTTP/1.1[\r][\n]"
45308 [TestNG-PoolService-4] DEBUG org.apache.http.wire  -  >> "Accept: */*[\r][\n]"
45308 [TestNG-PoolService-4] DEBUG org.apache.http.wire  -  >> "Host: api.openweathermap.org[\r][\n]"
45308 [TestNG-PoolService-4] DEBUG org.apache.http.wire  -  >> "Connection: Keep-Alive[\r][\n]"
45308 [TestNG-PoolService-4] DEBUG org.apache.http.wire  -  >> "User-Agent: Apache-HttpClient/4.5.3 (Java/1.8.0_201)[\r][\n]"
45308 [TestNG-PoolService-4] DEBUG org.apache.http.wire  -  >> "Accept-Encoding: gzip,deflate[\r][\n]"
45308 [TestNG-PoolService-4] DEBUG org.apache.http.wire  -  >> "[\r][\n]"
45308 [TestNG-PoolService-4] DEBUG org.apache.http.headers  - >> GET /data/2.5/weather?q=Alwar&appid=7fe67bf08c80ded756e598d6f8fedaea HTTP/1.1
45308 [TestNG-PoolService-4] DEBUG org.apache.http.headers  - >> Accept: */*
45308 [TestNG-PoolService-4] DEBUG org.apache.http.headers  - >> Host: api.openweathermap.org
45308 [TestNG-PoolService-4] DEBUG org.apache.http.headers  - >> Connection: Keep-Alive
45308 [TestNG-PoolService-4] DEBUG org.apache.http.headers  - >> User-Agent: Apache-HttpClient/4.5.3 (Java/1.8.0_201)
45308 [TestNG-PoolService-4] DEBUG org.apache.http.headers  - >> Accept-Encoding: gzip,deflate
45315 [TestNG-PoolService-6] DEBUG org.apache.http.wire  -  << "HTTP/1.1 200 OK[\r][\n]"
45317 [TestNG-PoolService-6] DEBUG org.apache.http.wire  -  << "Server: openresty[\r][\n]"
45317 [TestNG-PoolService-6] DEBUG org.apache.http.wire  -  << "Date: Wed, 14 Oct 2020 23:47:29 GMT[\r][\n]"
45317 [TestNG-PoolService-6] DEBUG org.apache.http.wire  -  << "Content-Type: application/json; charset=utf-8[\r][\n]"
45317 [TestNG-PoolService-6] DEBUG org.apache.http.wire  -  << "Content-Length: 471[\r][\n]"
45317 [TestNG-PoolService-6] DEBUG org.apache.http.wire  -  << "Connection: keep-alive[\r][\n]"
45317 [TestNG-PoolService-6] DEBUG org.apache.http.wire  -  << "X-Cache-Key: /data/2.5/weather?q=bengaluru[\r][\n]"
45317 [TestNG-PoolService-6] DEBUG org.apache.http.wire  -  << "Access-Control-Allow-Origin: *[\r][\n]"
45317 [TestNG-PoolService-6] DEBUG org.apache.http.wire  -  << "Access-Control-Allow-Credentials: true[\r][\n]"
45317 [TestNG-PoolService-6] DEBUG org.apache.http.wire  -  << "Access-Control-Allow-Methods: GET, POST[\r][\n]"
45317 [TestNG-PoolService-6] DEBUG org.apache.http.wire  -  << "[\r][\n]"
45318 [TestNG-PoolService-6] DEBUG org.apache.http.impl.conn.DefaultClientConnection  - Receiving response: HTTP/1.1 200 OK
45318 [TestNG-PoolService-6] DEBUG org.apache.http.headers  - << HTTP/1.1 200 OK
45318 [TestNG-PoolService-6] DEBUG org.apache.http.headers  - << Server: openresty
45318 [TestNG-PoolService-6] DEBUG org.apache.http.headers  - << Date: Wed, 14 Oct 2020 23:47:29 GMT
45318 [TestNG-PoolService-6] DEBUG org.apache.http.headers  - << Content-Type: application/json; charset=utf-8
45318 [TestNG-PoolService-6] DEBUG org.apache.http.headers  - << Content-Length: 471
45318 [TestNG-PoolService-6] DEBUG org.apache.http.headers  - << Connection: keep-alive
45318 [TestNG-PoolService-6] DEBUG org.apache.http.headers  - << X-Cache-Key: /data/2.5/weather?q=bengaluru
45318 [TestNG-PoolService-6] DEBUG org.apache.http.headers  - << Access-Control-Allow-Origin: *
45318 [TestNG-PoolService-6] DEBUG org.apache.http.headers  - << Access-Control-Allow-Credentials: true
45318 [TestNG-PoolService-6] DEBUG org.apache.http.headers  - << Access-Control-Allow-Methods: GET, POST
45321 [TestNG-PoolService-6] DEBUG org.apache.http.impl.client.DefaultHttpClient  - Connection can be kept alive indefinitely
45343 [TestNG-PoolService-9] DEBUG org.apache.http.wire  -  << "HTTP/1.1 200 OK[\r][\n]"
45343 [TestNG-PoolService-9] DEBUG org.apache.http.wire  -  << "Server: openresty[\r][\n]"
45343 [TestNG-PoolService-9] DEBUG org.apache.http.wire  -  << "Date: Wed, 14 Oct 2020 23:47:29 GMT[\r][\n]"
45343 [TestNG-PoolService-9] DEBUG org.apache.http.wire  -  << "Content-Type: application/json; charset=utf-8[\r][\n]"
45343 [TestNG-PoolService-9] DEBUG org.apache.http.wire  -  << "Content-Length: 486[\r][\n]"
45343 [TestNG-PoolService-9] DEBUG org.apache.http.wire  -  << "Connection: keep-alive[\r][\n]"
45343 [TestNG-PoolService-9] DEBUG org.apache.http.wire  -  << "X-Cache-Key: /data/2.5/weather?q=bhilwara[\r][\n]"
45343 [TestNG-PoolService-9] DEBUG org.apache.http.wire  -  << "Access-Control-Allow-Origin: *[\r][\n]"
45343 [TestNG-PoolService-9] DEBUG org.apache.http.wire  -  << "Access-Control-Allow-Credentials: true[\r][\n]"
45343 [TestNG-PoolService-9] DEBUG org.apache.http.wire  -  << "Access-Control-Allow-Methods: GET, POST[\r][\n]"
45343 [TestNG-PoolService-9] DEBUG org.apache.http.wire  -  << "[\r][\n]"
45343 [TestNG-PoolService-9] DEBUG org.apache.http.impl.conn.DefaultClientConnection  - Receiving response: HTTP/1.1 200 OK
45343 [TestNG-PoolService-9] DEBUG org.apache.http.headers  - << HTTP/1.1 200 OK
45343 [TestNG-PoolService-9] DEBUG org.apache.http.headers  - << Server: openresty
45344 [TestNG-PoolService-9] DEBUG org.apache.http.headers  - << Date: Wed, 14 Oct 2020 23:47:29 GMT
45344 [TestNG-PoolService-9] DEBUG org.apache.http.headers  - << Content-Type: application/json; charset=utf-8
45344 [TestNG-PoolService-9] DEBUG org.apache.http.headers  - << Content-Length: 486
45344 [TestNG-PoolService-6] DEBUG io.restassured.internal.RequestSpecificationImpl$RestAssuredHttpBuilder  - Parsing response as: application/json; charset=utf-8
45344 [TestNG-PoolService-9] DEBUG org.apache.http.headers  - << Connection: keep-alive
45344 [TestNG-PoolService-9] DEBUG org.apache.http.headers  - << X-Cache-Key: /data/2.5/weather?q=bhilwara
45344 [TestNG-PoolService-6] DEBUG io.restassured.internal.RequestSpecificationImpl$RestAssuredHttpBuilder  - Parsed data to instance of: class org.apache.http.conn.EofSensorInputStream
45344 [TestNG-PoolService-9] DEBUG org.apache.http.headers  - << Access-Control-Allow-Origin: *
45344 [TestNG-PoolService-9] DEBUG org.apache.http.headers  - << Access-Control-Allow-Credentials: true
45344 [TestNG-PoolService-9] DEBUG org.apache.http.headers  - << Access-Control-Allow-Methods: GET, POST
45344 [TestNG-PoolService-9] DEBUG org.apache.http.impl.client.DefaultHttpClient  - Connection can be kept alive indefinitely
45345 [TestNG-PoolService-9] DEBUG io.restassured.internal.RequestSpecificationImpl$RestAssuredHttpBuilder  - Parsing response as: application/json; charset=utf-8
45345 [TestNG-PoolService-9] DEBUG io.restassured.internal.RequestSpecificationImpl$RestAssuredHttpBuilder  - Parsed data to instance of: class org.apache.http.conn.EofSensorInputStream
io.restassured.internal.RestAssuredResponseImpl@28c5445d
io.restassured.internal.RestAssuredResponseImpl@1e1d18fe
45400 [TestNG-PoolService-9] DEBUG org.apache.http.wire  -  << "{"coord":{"lon":74.63,"lat":25.35},"weather":[{"id":803,"main":"Clouds","description":"broken clouds","icon":"04n"}],"base":"stations","main":{"temp":297.96,"feels_like":298.35,"temp_min":297.96,"temp_max":297.96,"pressure":1006,"humidity":61,"sea_level":1006,"grnd_level":959},"visibility":10000,"wind":{"speed":2.71,"deg":43},"clouds":{"all":64},"dt":1602719249,"sys":{"country":"IN","sunrise":1602723587,"sunset":1602765260},"timezone":19800,"id":1275960,"name":"Bhilwara","cod":200}"
45400 [TestNG-PoolService-6] DEBUG org.apache.http.wire  -  << "{"coord":{"lon":77.6,"lat":12.98},"weather":[{"id":803,"main":"Clouds","description":"broken clouds","icon":"04n"}],"base":"stations","main":{"temp":293.15,"feels_like":293.28,"temp_min":293.15,"temp_max":293.15,"pressure":1008,"humidity":100},"visibility":6000,"wind":{"speed":5.1,"deg":230},"clouds":{"all":75},"dt":1602719149,"sys":{"type":1,"id":9208,"country":"IN","sunrise":1602722383,"sunset":1602765038},"timezone":19800,"id":1277333,"name":"Bengaluru","cod":200}"
45401 [TestNG-PoolService-9] DEBUG org.apache.http.impl.conn.BasicClientConnectionManager  - Releasing connection org.apache.http.impl.conn.ManagedClientConnectionImpl@2ab9e4e3
45401 [TestNG-PoolService-6] DEBUG org.apache.http.impl.conn.BasicClientConnectionManager  - Releasing connection org.apache.http.impl.conn.ManagedClientConnectionImpl@61c0ec43
45401 [TestNG-PoolService-9] DEBUG org.apache.http.impl.conn.BasicClientConnectionManager  - Connection can be kept alive indefinitely
45401 [TestNG-PoolService-6] DEBUG org.apache.http.impl.conn.BasicClientConnectionManager  - Connection can be kept alive indefinitely
{"coord":{"lon":74.63,"lat":25.35},"weather":[{"id":803,"main":"Clouds","description":"broken clouds","icon":"04n"}],"base":"stations","main":{"temp":297.96,"feels_like":298.35,"temp_min":297.96,"temp_max":297.96,"pressure":1006,"humidity":61,"sea_level":1006,"grnd_level":959},"visibility":10000,"wind":{"speed":2.71,"deg":43},"clouds":{"all":64},"dt":1602719249,"sys":{"country":"IN","sunrise":1602723587,"sunset":1602765260},"timezone":19800,"id":1275960,"name":"Bhilwara","cod":200}
{"coord":{"lon":77.6,"lat":12.98},"weather":[{"id":803,"main":"Clouds","description":"broken clouds","icon":"04n"}],"base":"stations","main":{"temp":293.15,"feels_like":293.28,"temp_min":293.15,"temp_max":293.15,"pressure":1008,"humidity":100},"visibility":6000,"wind":{"speed":5.1,"deg":230},"clouds":{"all":75},"dt":1602719149,"sys":{"type":1,"id":9208,"country":"IN","sunrise":1602722383,"sunset":1602765038},"timezone":19800,"id":1277333,"name":"Bengaluru","cod":200}
293.15
297.96
Celsius: 20.0
Celsius: 24.809998
45410 [TestNG-PoolService-9] INFO org.apache.log4j.Logger  - Temperature from API is 24.809998 for City Bhilwara
45410 [TestNG-PoolService-6] INFO org.apache.log4j.Logger  - Temperature from API is 20.0 for City Bengaluru
45411 [TestNG-PoolService-9] INFO org.apache.log4j.Logger  - PASS: Difference between the API 24.809998 and UI 34.0 temp: 9.190002 for City Bhilwara is less than variance set: 10
45411 [TestNG-PoolService-6] INFO org.apache.log4j.Logger  - PASS: Difference between the API 20.0 and UI 25.0 temp: 5.0 for City Bengaluru is less than variance set: 10
45434 [TestNG-PoolService-4] DEBUG org.apache.http.wire  -  << "HTTP/1.1 200 OK[\r][\n]"
45434 [TestNG-PoolService-4] DEBUG org.apache.http.wire  -  << "Server: openresty[\r][\n]"
45434 [TestNG-PoolService-4] DEBUG org.apache.http.wire  -  << "Date: Wed, 14 Oct 2020 23:47:29 GMT[\r][\n]"
45434 [TestNG-PoolService-4] DEBUG org.apache.http.wire  -  << "Content-Type: application/json; charset=utf-8[\r][\n]"
45434 [TestNG-PoolService-4] DEBUG org.apache.http.wire  -  << "Content-Length: 479[\r][\n]"
45434 [TestNG-PoolService-4] DEBUG org.apache.http.wire  -  << "Connection: keep-alive[\r][\n]"
45434 [TestNG-PoolService-4] DEBUG org.apache.http.wire  -  << "X-Cache-Key: /data/2.5/weather?q=alwar[\r][\n]"
45434 [TestNG-PoolService-4] DEBUG org.apache.http.wire  -  << "Access-Control-Allow-Origin: *[\r][\n]"
45434 [TestNG-PoolService-4] DEBUG org.apache.http.wire  -  << "Access-Control-Allow-Credentials: true[\r][\n]"
45434 [TestNG-PoolService-4] DEBUG org.apache.http.wire  -  << "Access-Control-Allow-Methods: GET, POST[\r][\n]"
45434 [TestNG-PoolService-4] DEBUG org.apache.http.wire  -  << "[\r][\n]"
45434 [TestNG-PoolService-4] DEBUG org.apache.http.impl.conn.DefaultClientConnection  - Receiving response: HTTP/1.1 200 OK
45434 [TestNG-PoolService-4] DEBUG org.apache.http.headers  - << HTTP/1.1 200 OK
45434 [TestNG-PoolService-4] DEBUG org.apache.http.headers  - << Server: openresty
45434 [TestNG-PoolService-4] DEBUG org.apache.http.headers  - << Date: Wed, 14 Oct 2020 23:47:29 GMT
45434 [TestNG-PoolService-4] DEBUG org.apache.http.headers  - << Content-Type: application/json; charset=utf-8
45434 [TestNG-PoolService-4] DEBUG org.apache.http.headers  - << Content-Length: 479
45434 [TestNG-PoolService-4] DEBUG org.apache.http.headers  - << Connection: keep-alive
45434 [TestNG-PoolService-4] DEBUG org.apache.http.headers  - << X-Cache-Key: /data/2.5/weather?q=alwar
45435 [TestNG-PoolService-4] DEBUG org.apache.http.headers  - << Access-Control-Allow-Origin: *
45435 [TestNG-PoolService-4] DEBUG org.apache.http.headers  - << Access-Control-Allow-Credentials: true
45435 [TestNG-PoolService-4] DEBUG org.apache.http.headers  - << Access-Control-Allow-Methods: GET, POST
45435 [TestNG-PoolService-4] DEBUG org.apache.http.impl.client.DefaultHttpClient  - Connection can be kept alive indefinitely
45435 [TestNG-PoolService-4] DEBUG io.restassured.internal.RequestSpecificationImpl$RestAssuredHttpBuilder  - Parsing response as: application/json; charset=utf-8
45435 [TestNG-PoolService-4] DEBUG io.restassured.internal.RequestSpecificationImpl$RestAssuredHttpBuilder  - Parsed data to instance of: class org.apache.http.conn.EofSensorInputStream
io.restassured.internal.RestAssuredResponseImpl@7336713a
45436 [TestNG-PoolService-4] DEBUG org.apache.http.wire  -  << "{"coord":{"lon":76.6,"lat":27.57},"weather":[{"id":801,"main":"Clouds","description":"few clouds","icon":"02n"}],"base":"stations","main":{"temp":297.98,"feels_like":298.19,"temp_min":297.98,"temp_max":297.98,"pressure":1008,"humidity":47,"sea_level":1008,"grnd_level":976},"visibility":10000,"wind":{"speed":0.91,"deg":22},"clouds":{"all":24},"dt":1602719249,"sys":{"country":"IN","sunrise":1602723210,"sunset":1602764691},"timezone":19800,"id":1278946,"name":"Alwar","cod":200}"
45436 [TestNG-PoolService-4] DEBUG org.apache.http.impl.conn.BasicClientConnectionManager  - Releasing connection org.apache.http.impl.conn.ManagedClientConnectionImpl@beb144e
45436 [TestNG-PoolService-4] DEBUG org.apache.http.impl.conn.BasicClientConnectionManager  - Connection can be kept alive indefinitely
{"coord":{"lon":76.6,"lat":27.57},"weather":[{"id":801,"main":"Clouds","description":"few clouds","icon":"02n"}],"base":"stations","main":{"temp":297.98,"feels_like":298.19,"temp_min":297.98,"temp_max":297.98,"pressure":1008,"humidity":47,"sea_level":1008,"grnd_level":976},"visibility":10000,"wind":{"speed":0.91,"deg":22},"clouds":{"all":24},"dt":1602719249,"sys":{"country":"IN","sunrise":1602723210,"sunset":1602764691},"timezone":19800,"id":1278946,"name":"Alwar","cod":200}
297.98
Celsius: 24.830017
45438 [TestNG-PoolService-4] INFO org.apache.log4j.Logger  - Temperature from API is 24.830017 for City Alwar
45438 [TestNG-PoolService-4] INFO org.apache.log4j.Logger  - PASS: Difference between the API 24.830017 and UI 34.0 temp: 9.169983 for City Alwar is less than variance set: 10
45750 [Finalizer] DEBUG org.apache.http.impl.conn.DefaultClientConnection  - Connection 0.0.0.0:55480<->178.128.122.9:80 closed
45752 [Finalizer] DEBUG org.apache.http.impl.conn.DefaultClientConnection  - Connection 0.0.0.0:55481<->178.128.122.9:80 closed
45753 [Finalizer] DEBUG org.apache.http.impl.conn.DefaultClientConnection  - Connection 0.0.0.0:55479<->178.128.122.9:80 closed
45856 [TestNG-PoolService-7] INFO org.apache.log4j.Logger  - Temperature on UI is 27.0 for City Bellary
45856 [TestNG-PoolService-7] INFO org.apache.log4j.Logger  - Get Temp using API
45864 [TestNG-PoolService-7] DEBUG org.apache.http.impl.conn.BasicClientConnectionManager  - Get connection for route {}->http://api.openweathermap.org:80
45864 [TestNG-PoolService-7] DEBUG org.apache.http.impl.conn.DefaultClientConnectionOperator  - Connecting to api.openweathermap.org:80
45924 [TestNG-PoolService-7] DEBUG org.apache.http.client.protocol.RequestAddCookies  - CookieSpec selected: ignoreCookies
45924 [TestNG-PoolService-7] DEBUG org.apache.http.client.protocol.RequestAuthCache  - Auth cache not set in the context
45925 [TestNG-PoolService-7] DEBUG org.apache.http.client.protocol.RequestTargetAuthentication  - Target auth state: UNCHALLENGED
45925 [TestNG-PoolService-7] DEBUG org.apache.http.client.protocol.RequestProxyAuthentication  - Proxy auth state: UNCHALLENGED
45925 [TestNG-PoolService-7] DEBUG org.apache.http.impl.client.DefaultHttpClient  - Attempt 1 to execute request
45925 [TestNG-PoolService-7] DEBUG org.apache.http.impl.conn.DefaultClientConnection  - Sending request: GET /data/2.5/weather?q=Bellary&appid=7fe67bf08c80ded756e598d6f8fedaea HTTP/1.1
45925 [TestNG-PoolService-7] DEBUG org.apache.http.wire  -  >> "GET /data/2.5/weather?q=Bellary&appid=7fe67bf08c80ded756e598d6f8fedaea HTTP/1.1[\r][\n]"
45925 [TestNG-PoolService-7] DEBUG org.apache.http.wire  -  >> "Accept: */*[\r][\n]"
45925 [TestNG-PoolService-7] DEBUG org.apache.http.wire  -  >> "Host: api.openweathermap.org[\r][\n]"
45925 [TestNG-PoolService-7] DEBUG org.apache.http.wire  -  >> "Connection: Keep-Alive[\r][\n]"
45925 [TestNG-PoolService-7] DEBUG org.apache.http.wire  -  >> "User-Agent: Apache-HttpClient/4.5.3 (Java/1.8.0_201)[\r][\n]"
45926 [TestNG-PoolService-7] DEBUG org.apache.http.wire  -  >> "Accept-Encoding: gzip,deflate[\r][\n]"
45926 [TestNG-PoolService-7] DEBUG org.apache.http.wire  -  >> "[\r][\n]"
45926 [TestNG-PoolService-7] DEBUG org.apache.http.headers  - >> GET /data/2.5/weather?q=Bellary&appid=7fe67bf08c80ded756e598d6f8fedaea HTTP/1.1
45926 [TestNG-PoolService-7] DEBUG org.apache.http.headers  - >> Accept: */*
45926 [TestNG-PoolService-7] DEBUG org.apache.http.headers  - >> Host: api.openweathermap.org
45926 [TestNG-PoolService-7] DEBUG org.apache.http.headers  - >> Connection: Keep-Alive
45926 [TestNG-PoolService-7] DEBUG org.apache.http.headers  - >> User-Agent: Apache-HttpClient/4.5.3 (Java/1.8.0_201)
45926 [TestNG-PoolService-7] DEBUG org.apache.http.headers  - >> Accept-Encoding: gzip,deflate
46021 [TestNG-PoolService-7] DEBUG org.apache.http.wire  -  << "HTTP/1.1 200 OK[\r][\n]"
46021 [TestNG-PoolService-7] DEBUG org.apache.http.wire  -  << "Server: openresty[\r][\n]"
46021 [TestNG-PoolService-7] DEBUG org.apache.http.wire  -  << "Date: Wed, 14 Oct 2020 23:47:30 GMT[\r][\n]"
46021 [TestNG-PoolService-7] DEBUG org.apache.http.wire  -  << "Content-Type: application/json; charset=utf-8[\r][\n]"
46022 [TestNG-PoolService-7] DEBUG org.apache.http.wire  -  << "Content-Length: 489[\r][\n]"
46022 [TestNG-PoolService-7] DEBUG org.apache.http.wire  -  << "Connection: keep-alive[\r][\n]"
46022 [TestNG-PoolService-7] DEBUG org.apache.http.wire  -  << "X-Cache-Key: /data/2.5/weather?q=bellary[\r][\n]"
46022 [TestNG-PoolService-7] DEBUG org.apache.http.wire  -  << "Access-Control-Allow-Origin: *[\r][\n]"
46022 [TestNG-PoolService-7] DEBUG org.apache.http.wire  -  << "Access-Control-Allow-Credentials: true[\r][\n]"
46022 [TestNG-PoolService-7] DEBUG org.apache.http.wire  -  << "Access-Control-Allow-Methods: GET, POST[\r][\n]"
46022 [TestNG-PoolService-7] DEBUG org.apache.http.wire  -  << "[\r][\n]"
46022 [TestNG-PoolService-7] DEBUG org.apache.http.impl.conn.DefaultClientConnection  - Receiving response: HTTP/1.1 200 OK
46022 [TestNG-PoolService-7] DEBUG org.apache.http.headers  - << HTTP/1.1 200 OK
46022 [TestNG-PoolService-7] DEBUG org.apache.http.headers  - << Server: openresty
46022 [TestNG-PoolService-7] DEBUG org.apache.http.headers  - << Date: Wed, 14 Oct 2020 23:47:30 GMT
46022 [TestNG-PoolService-7] DEBUG org.apache.http.headers  - << Content-Type: application/json; charset=utf-8
46022 [TestNG-PoolService-7] DEBUG org.apache.http.headers  - << Content-Length: 489
46023 [TestNG-PoolService-7] DEBUG org.apache.http.headers  - << Connection: keep-alive
46023 [TestNG-PoolService-7] DEBUG org.apache.http.headers  - << X-Cache-Key: /data/2.5/weather?q=bellary
46023 [TestNG-PoolService-7] DEBUG org.apache.http.headers  - << Access-Control-Allow-Origin: *
46023 [TestNG-PoolService-7] DEBUG org.apache.http.headers  - << Access-Control-Allow-Credentials: true
46023 [TestNG-PoolService-7] DEBUG org.apache.http.headers  - << Access-Control-Allow-Methods: GET, POST
46023 [TestNG-PoolService-7] DEBUG org.apache.http.impl.client.DefaultHttpClient  - Connection can be kept alive indefinitely
46023 [TestNG-PoolService-7] DEBUG io.restassured.internal.RequestSpecificationImpl$RestAssuredHttpBuilder  - Parsing response as: application/json; charset=utf-8
46023 [TestNG-PoolService-7] DEBUG io.restassured.internal.RequestSpecificationImpl$RestAssuredHttpBuilder  - Parsed data to instance of: class org.apache.http.conn.EofSensorInputStream
io.restassured.internal.RestAssuredResponseImpl@53bd65ff
46026 [TestNG-PoolService-7] DEBUG org.apache.http.wire  -  << "{"coord":{"lon":76.93,"lat":15.15},"weather":[{"id":802,"main":"Clouds","description":"scattered clouds","icon":"03n"}],"base":"stations","main":{"temp":294.84,"feels_like":295.41,"temp_min":294.84,"temp_max":294.84,"pressure":1004,"humidity":88,"sea_level":1004,"grnd_level":952},"visibility":10000,"wind":{"speed":4.21,"deg":244},"clouds":{"all":31},"dt":1602719250,"sys":{"country":"IN","sunrise":1602722626,"sunset":1602765117},"timezone":19800,"id":1276509,"name":"Bellary","cod":200}"
46026 [TestNG-PoolService-7] DEBUG org.apache.http.impl.conn.BasicClientConnectionManager  - Releasing connection org.apache.http.impl.conn.ManagedClientConnectionImpl@4e1c253e
46026 [TestNG-PoolService-7] DEBUG org.apache.http.impl.conn.BasicClientConnectionManager  - Connection can be kept alive indefinitely
{"coord":{"lon":76.93,"lat":15.15},"weather":[{"id":802,"main":"Clouds","description":"scattered clouds","icon":"03n"}],"base":"stations","main":{"temp":294.84,"feels_like":295.41,"temp_min":294.84,"temp_max":294.84,"pressure":1004,"humidity":88,"sea_level":1004,"grnd_level":952},"visibility":10000,"wind":{"speed":4.21,"deg":244},"clouds":{"all":31},"dt":1602719250,"sys":{"country":"IN","sunrise":1602722626,"sunset":1602765117},"timezone":19800,"id":1276509,"name":"Bellary","cod":200}
294.84
Celsius: 21.690002
46028 [TestNG-PoolService-7] INFO org.apache.log4j.Logger  - Temperature from API is 21.690002 for City Bellary
46028 [TestNG-PoolService-7] INFO org.apache.log4j.Logger  - PASS: Difference between the API 21.690002 and UI 27.0 temp: 5.3099976 for City Bellary is less than variance set: 10
46433 [Finalizer] DEBUG org.apache.http.impl.conn.DefaultClientConnection  - Connection 0.0.0.0:55482<->178.128.122.9:80 closed
46472 [TestNG-PoolService-0] INFO org.apache.log4j.Logger  - Temperature on UI is 36.0 for City Ahmedabad
46472 [TestNG-PoolService-0] INFO org.apache.log4j.Logger  - Get Temp using API
46478 [TestNG-PoolService-0] DEBUG org.apache.http.impl.conn.BasicClientConnectionManager  - Get connection for route {}->http://api.openweathermap.org:80
46478 [TestNG-PoolService-0] DEBUG org.apache.http.impl.conn.DefaultClientConnectionOperator  - Connecting to api.openweathermap.org:80
46535 [TestNG-PoolService-0] DEBUG org.apache.http.client.protocol.RequestAddCookies  - CookieSpec selected: ignoreCookies
46535 [TestNG-PoolService-0] DEBUG org.apache.http.client.protocol.RequestAuthCache  - Auth cache not set in the context
46536 [TestNG-PoolService-0] DEBUG org.apache.http.client.protocol.RequestTargetAuthentication  - Target auth state: UNCHALLENGED
46536 [TestNG-PoolService-0] DEBUG org.apache.http.client.protocol.RequestProxyAuthentication  - Proxy auth state: UNCHALLENGED
46536 [TestNG-PoolService-0] DEBUG org.apache.http.impl.client.DefaultHttpClient  - Attempt 1 to execute request
46536 [TestNG-PoolService-0] DEBUG org.apache.http.impl.conn.DefaultClientConnection  - Sending request: GET /data/2.5/weather?q=Ahmedabad&appid=7fe67bf08c80ded756e598d6f8fedaea HTTP/1.1
46536 [TestNG-PoolService-0] DEBUG org.apache.http.wire  -  >> "GET /data/2.5/weather?q=Ahmedabad&appid=7fe67bf08c80ded756e598d6f8fedaea HTTP/1.1[\r][\n]"
46536 [TestNG-PoolService-0] DEBUG org.apache.http.wire  -  >> "Accept: */*[\r][\n]"
46536 [TestNG-PoolService-0] DEBUG org.apache.http.wire  -  >> "Host: api.openweathermap.org[\r][\n]"
46536 [TestNG-PoolService-0] DEBUG org.apache.http.wire  -  >> "Connection: Keep-Alive[\r][\n]"
46536 [TestNG-PoolService-0] DEBUG org.apache.http.wire  -  >> "User-Agent: Apache-HttpClient/4.5.3 (Java/1.8.0_201)[\r][\n]"
46536 [TestNG-PoolService-0] DEBUG org.apache.http.wire  -  >> "Accept-Encoding: gzip,deflate[\r][\n]"
46536 [TestNG-PoolService-0] DEBUG org.apache.http.wire  -  >> "[\r][\n]"
46536 [TestNG-PoolService-0] DEBUG org.apache.http.headers  - >> GET /data/2.5/weather?q=Ahmedabad&appid=7fe67bf08c80ded756e598d6f8fedaea HTTP/1.1
46536 [TestNG-PoolService-0] DEBUG org.apache.http.headers  - >> Accept: */*
46536 [TestNG-PoolService-0] DEBUG org.apache.http.headers  - >> Host: api.openweathermap.org
46536 [TestNG-PoolService-0] DEBUG org.apache.http.headers  - >> Connection: Keep-Alive
46536 [TestNG-PoolService-0] DEBUG org.apache.http.headers  - >> User-Agent: Apache-HttpClient/4.5.3 (Java/1.8.0_201)
46536 [TestNG-PoolService-0] DEBUG org.apache.http.headers  - >> Accept-Encoding: gzip,deflate
46596 [TestNG-PoolService-0] DEBUG org.apache.http.wire  -  << "HTTP/1.1 200 OK[\r][\n]"
46596 [TestNG-PoolService-0] DEBUG org.apache.http.wire  -  << "Server: openresty[\r][\n]"
46596 [TestNG-PoolService-0] DEBUG org.apache.http.wire  -  << "Date: Wed, 14 Oct 2020 23:47:30 GMT[\r][\n]"
46596 [TestNG-PoolService-0] DEBUG org.apache.http.wire  -  << "Content-Type: application/json; charset=utf-8[\r][\n]"
46597 [TestNG-PoolService-0] DEBUG org.apache.http.wire  -  << "Content-Length: 490[\r][\n]"
46597 [TestNG-PoolService-0] DEBUG org.apache.http.wire  -  << "Connection: keep-alive[\r][\n]"
46597 [TestNG-PoolService-0] DEBUG org.apache.http.wire  -  << "X-Cache-Key: /data/2.5/weather?q=ahmedabad[\r][\n]"
46597 [TestNG-PoolService-0] DEBUG org.apache.http.wire  -  << "Access-Control-Allow-Origin: *[\r][\n]"
46597 [TestNG-PoolService-0] DEBUG org.apache.http.wire  -  << "Access-Control-Allow-Credentials: true[\r][\n]"
46597 [TestNG-PoolService-0] DEBUG org.apache.http.wire  -  << "Access-Control-Allow-Methods: GET, POST[\r][\n]"
46597 [TestNG-PoolService-0] DEBUG org.apache.http.wire  -  << "[\r][\n]"
46597 [TestNG-PoolService-0] DEBUG org.apache.http.impl.conn.DefaultClientConnection  - Receiving response: HTTP/1.1 200 OK
46597 [TestNG-PoolService-0] DEBUG org.apache.http.headers  - << HTTP/1.1 200 OK
46598 [TestNG-PoolService-0] DEBUG org.apache.http.headers  - << Server: openresty
46598 [TestNG-PoolService-0] DEBUG org.apache.http.headers  - << Date: Wed, 14 Oct 2020 23:47:30 GMT
46598 [TestNG-PoolService-0] DEBUG org.apache.http.headers  - << Content-Type: application/json; charset=utf-8
46598 [TestNG-PoolService-0] DEBUG org.apache.http.headers  - << Content-Length: 490
46598 [TestNG-PoolService-0] DEBUG org.apache.http.headers  - << Connection: keep-alive
46598 [TestNG-PoolService-0] DEBUG org.apache.http.headers  - << X-Cache-Key: /data/2.5/weather?q=ahmedabad
46598 [TestNG-PoolService-0] DEBUG org.apache.http.headers  - << Access-Control-Allow-Origin: *
46598 [TestNG-PoolService-0] DEBUG org.apache.http.headers  - << Access-Control-Allow-Credentials: true
46598 [TestNG-PoolService-0] DEBUG org.apache.http.headers  - << Access-Control-Allow-Methods: GET, POST
46598 [TestNG-PoolService-0] DEBUG org.apache.http.impl.client.DefaultHttpClient  - Connection can be kept alive indefinitely
46599 [TestNG-PoolService-0] DEBUG io.restassured.internal.RequestSpecificationImpl$RestAssuredHttpBuilder  - Parsing response as: application/json; charset=utf-8
46599 [TestNG-PoolService-0] DEBUG io.restassured.internal.RequestSpecificationImpl$RestAssuredHttpBuilder  - Parsed data to instance of: class org.apache.http.conn.EofSensorInputStream
io.restassured.internal.RestAssuredResponseImpl@471c8a8b
46602 [TestNG-PoolService-0] DEBUG org.apache.http.wire  -  << "{"coord":{"lon":72.62,"lat":23.03},"weather":[{"id":804,"main":"Clouds","description":"overcast clouds","icon":"04n"}],"base":"stations","main":{"temp":302.02,"feels_like":300.99,"temp_min":302.02,"temp_max":302.02,"pressure":1004,"humidity":44,"sea_level":1004,"grnd_level":998},"visibility":10000,"wind":{"speed":3.97,"deg":61},"clouds":{"all":100},"dt":1602719144,"sys":{"country":"IN","sunrise":1602723972,"sunset":1602765839},"timezone":19800,"id":1279233,"name":"Ahmedabad","cod":200}"
46602 [TestNG-PoolService-0] DEBUG org.apache.http.impl.conn.BasicClientConnectionManager  - Releasing connection org.apache.http.impl.conn.ManagedClientConnectionImpl@7089b935
46602 [TestNG-PoolService-0] DEBUG org.apache.http.impl.conn.BasicClientConnectionManager  - Connection can be kept alive indefinitely
{"coord":{"lon":72.62,"lat":23.03},"weather":[{"id":804,"main":"Clouds","description":"overcast clouds","icon":"04n"}],"base":"stations","main":{"temp":302.02,"feels_like":300.99,"temp_min":302.02,"temp_max":302.02,"pressure":1004,"humidity":44,"sea_level":1004,"grnd_level":998},"visibility":10000,"wind":{"speed":3.97,"deg":61},"clouds":{"all":100},"dt":1602719144,"sys":{"country":"IN","sunrise":1602723972,"sunset":1602765839},"timezone":19800,"id":1279233,"name":"Ahmedabad","cod":200}
302.02
Celsius: 28.869995
46604 [TestNG-PoolService-0] INFO org.apache.log4j.Logger  - Temperature from API is 28.869995 for City Ahmedabad
46604 [TestNG-PoolService-0] INFO org.apache.log4j.Logger  - PASS: Difference between the API 28.869995 and UI 36.0 temp: 7.130005 for City Ahmedabad is less than variance set: 10
47096 [TestNG-PoolService-8] INFO org.apache.log4j.Logger  - Temperature on UI is 29.0 for City Bhilai
47097 [TestNG-PoolService-8] INFO org.apache.log4j.Logger  - Get Temp using API
47128 [TestNG-PoolService-8] DEBUG org.apache.http.impl.conn.BasicClientConnectionManager  - Get connection for route {}->http://api.openweathermap.org:80
47128 [TestNG-PoolService-8] DEBUG org.apache.http.impl.conn.DefaultClientConnectionOperator  - Connecting to api.openweathermap.org:80
47186 [TestNG-PoolService-8] DEBUG org.apache.http.client.protocol.RequestAddCookies  - CookieSpec selected: ignoreCookies
47186 [TestNG-PoolService-8] DEBUG org.apache.http.client.protocol.RequestAuthCache  - Auth cache not set in the context
47186 [TestNG-PoolService-8] DEBUG org.apache.http.client.protocol.RequestTargetAuthentication  - Target auth state: UNCHALLENGED
47186 [TestNG-PoolService-8] DEBUG org.apache.http.client.protocol.RequestProxyAuthentication  - Proxy auth state: UNCHALLENGED
47186 [TestNG-PoolService-8] DEBUG org.apache.http.impl.client.DefaultHttpClient  - Attempt 1 to execute request
47186 [TestNG-PoolService-8] DEBUG org.apache.http.impl.conn.DefaultClientConnection  - Sending request: GET /data/2.5/weather?q=Bhilai&appid=7fe67bf08c80ded756e598d6f8fedaea HTTP/1.1
47187 [TestNG-PoolService-8] DEBUG org.apache.http.wire  -  >> "GET /data/2.5/weather?q=Bhilai&appid=7fe67bf08c80ded756e598d6f8fedaea HTTP/1.1[\r][\n]"
47187 [TestNG-PoolService-8] DEBUG org.apache.http.wire  -  >> "Accept: */*[\r][\n]"
47187 [TestNG-PoolService-8] DEBUG org.apache.http.wire  -  >> "Host: api.openweathermap.org[\r][\n]"
47187 [TestNG-PoolService-8] DEBUG org.apache.http.wire  -  >> "Connection: Keep-Alive[\r][\n]"
47187 [TestNG-PoolService-8] DEBUG org.apache.http.wire  -  >> "User-Agent: Apache-HttpClient/4.5.3 (Java/1.8.0_201)[\r][\n]"
47187 [TestNG-PoolService-8] DEBUG org.apache.http.wire  -  >> "Accept-Encoding: gzip,deflate[\r][\n]"
47187 [TestNG-PoolService-8] DEBUG org.apache.http.wire  -  >> "[\r][\n]"
47187 [TestNG-PoolService-8] DEBUG org.apache.http.headers  - >> GET /data/2.5/weather?q=Bhilai&appid=7fe67bf08c80ded756e598d6f8fedaea HTTP/1.1
47187 [TestNG-PoolService-8] DEBUG org.apache.http.headers  - >> Accept: */*
47187 [TestNG-PoolService-8] DEBUG org.apache.http.headers  - >> Host: api.openweathermap.org
47187 [TestNG-PoolService-8] DEBUG org.apache.http.headers  - >> Connection: Keep-Alive
47187 [TestNG-PoolService-8] DEBUG org.apache.http.headers  - >> User-Agent: Apache-HttpClient/4.5.3 (Java/1.8.0_201)
47187 [TestNG-PoolService-8] DEBUG org.apache.http.headers  - >> Accept-Encoding: gzip,deflate
47248 [TestNG-PoolService-8] DEBUG org.apache.http.wire  -  << "HTTP/1.1 200 OK[\r][\n]"
47248 [TestNG-PoolService-8] DEBUG org.apache.http.wire  -  << "Server: openresty[\r][\n]"
47248 [TestNG-PoolService-8] DEBUG org.apache.http.wire  -  << "Date: Wed, 14 Oct 2020 23:47:31 GMT[\r][\n]"
47248 [TestNG-PoolService-8] DEBUG org.apache.http.wire  -  << "Content-Type: application/json; charset=utf-8[\r][\n]"
47248 [TestNG-PoolService-8] DEBUG org.apache.http.wire  -  << "Content-Length: 486[\r][\n]"
47248 [TestNG-PoolService-8] DEBUG org.apache.http.wire  -  << "Connection: keep-alive[\r][\n]"
47248 [TestNG-PoolService-8] DEBUG org.apache.http.wire  -  << "X-Cache-Key: /data/2.5/weather?q=bhilai[\r][\n]"
47248 [TestNG-PoolService-8] DEBUG org.apache.http.wire  -  << "Access-Control-Allow-Origin: *[\r][\n]"
47248 [TestNG-PoolService-8] DEBUG org.apache.http.wire  -  << "Access-Control-Allow-Credentials: true[\r][\n]"
47248 [TestNG-PoolService-8] DEBUG org.apache.http.wire  -  << "Access-Control-Allow-Methods: GET, POST[\r][\n]"
47248 [TestNG-PoolService-8] DEBUG org.apache.http.wire  -  << "[\r][\n]"
47248 [TestNG-PoolService-8] DEBUG org.apache.http.impl.conn.DefaultClientConnection  - Receiving response: HTTP/1.1 200 OK
47248 [TestNG-PoolService-8] DEBUG org.apache.http.headers  - << HTTP/1.1 200 OK
47248 [TestNG-PoolService-8] DEBUG org.apache.http.headers  - << Server: openresty
47248 [TestNG-PoolService-8] DEBUG org.apache.http.headers  - << Date: Wed, 14 Oct 2020 23:47:31 GMT
47248 [TestNG-PoolService-8] DEBUG org.apache.http.headers  - << Content-Type: application/json; charset=utf-8
47248 [TestNG-PoolService-8] DEBUG org.apache.http.headers  - << Content-Length: 486
47248 [TestNG-PoolService-8] DEBUG org.apache.http.headers  - << Connection: keep-alive
47248 [TestNG-PoolService-8] DEBUG org.apache.http.headers  - << X-Cache-Key: /data/2.5/weather?q=bhilai
47248 [TestNG-PoolService-8] DEBUG org.apache.http.headers  - << Access-Control-Allow-Origin: *
47248 [TestNG-PoolService-8] DEBUG org.apache.http.headers  - << Access-Control-Allow-Credentials: true
47248 [TestNG-PoolService-8] DEBUG org.apache.http.headers  - << Access-Control-Allow-Methods: GET, POST
47248 [TestNG-PoolService-8] DEBUG org.apache.http.impl.client.DefaultHttpClient  - Connection can be kept alive indefinitely
47249 [TestNG-PoolService-8] DEBUG io.restassured.internal.RequestSpecificationImpl$RestAssuredHttpBuilder  - Parsing response as: application/json; charset=utf-8
47249 [TestNG-PoolService-8] DEBUG io.restassured.internal.RequestSpecificationImpl$RestAssuredHttpBuilder  - Parsed data to instance of: class org.apache.http.conn.EofSensorInputStream
io.restassured.internal.RestAssuredResponseImpl@34c2d791
47250 [TestNG-PoolService-8] DEBUG org.apache.http.wire  -  << "{"coord":{"lon":81.43,"lat":21.22},"weather":[{"id":804,"main":"Clouds","description":"overcast clouds","icon":"04n"}],"base":"stations","main":{"temp":296.01,"feels_like":298.54,"temp_min":296.01,"temp_max":296.01,"pressure":1005,"humidity":96,"sea_level":1005,"grnd_level":971},"visibility":10000,"wind":{"speed":3.24,"deg":77},"clouds":{"all":98},"dt":1602719124,"sys":{"country":"IN","sunrise":1602721783,"sunset":1602763800},"timezone":19800,"id":1275971,"name":"Bhilai","cod":200}"
47250 [TestNG-PoolService-8] DEBUG org.apache.http.impl.conn.BasicClientConnectionManager  - Releasing connection org.apache.http.impl.conn.ManagedClientConnectionImpl@315118f6
47250 [TestNG-PoolService-8] DEBUG org.apache.http.impl.conn.BasicClientConnectionManager  - Connection can be kept alive indefinitely
{"coord":{"lon":81.43,"lat":21.22},"weather":[{"id":804,"main":"Clouds","description":"overcast clouds","icon":"04n"}],"base":"stations","main":{"temp":296.01,"feels_like":298.54,"temp_min":296.01,"temp_max":296.01,"pressure":1005,"humidity":96,"sea_level":1005,"grnd_level":971},"visibility":10000,"wind":{"speed":3.24,"deg":77},"clouds":{"all":98},"dt":1602719124,"sys":{"country":"IN","sunrise":1602721783,"sunset":1602763800},"timezone":19800,"id":1275971,"name":"Bhilai","cod":200}
296.01
Celsius: 22.860016
47250 [TestNG-PoolService-8] INFO org.apache.log4j.Logger  - Temperature from API is 22.860016 for City Bhilai
47250 [TestNG-PoolService-8] INFO org.apache.log4j.Logger  - PASS: Difference between the API 22.860016 and UI 29.0 temp: 6.139984 for City Bhilai is less than variance set: 10
47701 [TestNG-PoolService-3] INFO org.apache.log4j.Logger  - Temperature on UI is 34.0 for City Allahabad
47701 [TestNG-PoolService-3] INFO org.apache.log4j.Logger  - Get Temp using API
47710 [TestNG-PoolService-3] DEBUG org.apache.http.impl.conn.BasicClientConnectionManager  - Get connection for route {}->http://api.openweathermap.org:80
47710 [TestNG-PoolService-3] DEBUG org.apache.http.impl.conn.DefaultClientConnectionOperator  - Connecting to api.openweathermap.org:80
47766 [TestNG-PoolService-3] DEBUG org.apache.http.client.protocol.RequestAddCookies  - CookieSpec selected: ignoreCookies
47766 [TestNG-PoolService-3] DEBUG org.apache.http.client.protocol.RequestAuthCache  - Auth cache not set in the context
47766 [TestNG-PoolService-3] DEBUG org.apache.http.client.protocol.RequestTargetAuthentication  - Target auth state: UNCHALLENGED
47766 [TestNG-PoolService-3] DEBUG org.apache.http.client.protocol.RequestProxyAuthentication  - Proxy auth state: UNCHALLENGED
47766 [TestNG-PoolService-3] DEBUG org.apache.http.impl.client.DefaultHttpClient  - Attempt 1 to execute request
47766 [TestNG-PoolService-3] DEBUG org.apache.http.impl.conn.DefaultClientConnection  - Sending request: GET /data/2.5/weather?q=Allahabad&appid=7fe67bf08c80ded756e598d6f8fedaea HTTP/1.1
47766 [TestNG-PoolService-3] DEBUG org.apache.http.wire  -  >> "GET /data/2.5/weather?q=Allahabad&appid=7fe67bf08c80ded756e598d6f8fedaea HTTP/1.1[\r][\n]"
47767 [TestNG-PoolService-3] DEBUG org.apache.http.wire  -  >> "Accept: */*[\r][\n]"
47767 [TestNG-PoolService-3] DEBUG org.apache.http.wire  -  >> "Host: api.openweathermap.org[\r][\n]"
47767 [TestNG-PoolService-3] DEBUG org.apache.http.wire  -  >> "Connection: Keep-Alive[\r][\n]"
47767 [TestNG-PoolService-3] DEBUG org.apache.http.wire  -  >> "User-Agent: Apache-HttpClient/4.5.3 (Java/1.8.0_201)[\r][\n]"
47767 [TestNG-PoolService-3] DEBUG org.apache.http.wire  -  >> "Accept-Encoding: gzip,deflate[\r][\n]"
47767 [TestNG-PoolService-3] DEBUG org.apache.http.wire  -  >> "[\r][\n]"
47767 [TestNG-PoolService-3] DEBUG org.apache.http.headers  - >> GET /data/2.5/weather?q=Allahabad&appid=7fe67bf08c80ded756e598d6f8fedaea HTTP/1.1
47767 [TestNG-PoolService-3] DEBUG org.apache.http.headers  - >> Accept: */*
47767 [TestNG-PoolService-3] DEBUG org.apache.http.headers  - >> Host: api.openweathermap.org
47767 [TestNG-PoolService-3] DEBUG org.apache.http.headers  - >> Connection: Keep-Alive
47767 [TestNG-PoolService-3] DEBUG org.apache.http.headers  - >> User-Agent: Apache-HttpClient/4.5.3 (Java/1.8.0_201)
47767 [TestNG-PoolService-3] DEBUG org.apache.http.headers  - >> Accept-Encoding: gzip,deflate
47824 [TestNG-PoolService-3] DEBUG org.apache.http.wire  -  << "HTTP/1.1 200 OK[\r][\n]"
47825 [TestNG-PoolService-3] DEBUG org.apache.http.wire  -  << "Server: openresty[\r][\n]"
47825 [TestNG-PoolService-3] DEBUG org.apache.http.wire  -  << "Date: Wed, 14 Oct 2020 23:47:31 GMT[\r][\n]"
47825 [TestNG-PoolService-3] DEBUG org.apache.http.wire  -  << "Content-Type: application/json; charset=utf-8[\r][\n]"
47825 [TestNG-PoolService-3] DEBUG org.apache.http.wire  -  << "Content-Length: 490[\r][\n]"
47825 [TestNG-PoolService-3] DEBUG org.apache.http.wire  -  << "Connection: keep-alive[\r][\n]"
47825 [TestNG-PoolService-3] DEBUG org.apache.http.wire  -  << "X-Cache-Key: /data/2.5/weather?q=allahabad[\r][\n]"
47825 [TestNG-PoolService-3] DEBUG org.apache.http.wire  -  << "Access-Control-Allow-Origin: *[\r][\n]"
47825 [TestNG-PoolService-3] DEBUG org.apache.http.wire  -  << "Access-Control-Allow-Credentials: true[\r][\n]"
47825 [TestNG-PoolService-3] DEBUG org.apache.http.wire  -  << "Access-Control-Allow-Methods: GET, POST[\r][\n]"
47825 [TestNG-PoolService-3] DEBUG org.apache.http.wire  -  << "[\r][\n]"
47825 [TestNG-PoolService-3] DEBUG org.apache.http.impl.conn.DefaultClientConnection  - Receiving response: HTTP/1.1 200 OK
47825 [TestNG-PoolService-3] DEBUG org.apache.http.headers  - << HTTP/1.1 200 OK
47825 [TestNG-PoolService-3] DEBUG org.apache.http.headers  - << Server: openresty
47825 [TestNG-PoolService-3] DEBUG org.apache.http.headers  - << Date: Wed, 14 Oct 2020 23:47:31 GMT
47825 [TestNG-PoolService-3] DEBUG org.apache.http.headers  - << Content-Type: application/json; charset=utf-8
47825 [TestNG-PoolService-3] DEBUG org.apache.http.headers  - << Content-Length: 490
47825 [TestNG-PoolService-3] DEBUG org.apache.http.headers  - << Connection: keep-alive
47825 [TestNG-PoolService-3] DEBUG org.apache.http.headers  - << X-Cache-Key: /data/2.5/weather?q=allahabad
47825 [TestNG-PoolService-3] DEBUG org.apache.http.headers  - << Access-Control-Allow-Origin: *
47825 [TestNG-PoolService-3] DEBUG org.apache.http.headers  - << Access-Control-Allow-Credentials: true
47825 [TestNG-PoolService-3] DEBUG org.apache.http.headers  - << Access-Control-Allow-Methods: GET, POST
47825 [TestNG-PoolService-3] DEBUG org.apache.http.impl.client.DefaultHttpClient  - Connection can be kept alive indefinitely
47826 [TestNG-PoolService-3] DEBUG io.restassured.internal.RequestSpecificationImpl$RestAssuredHttpBuilder  - Parsing response as: application/json; charset=utf-8
47826 [TestNG-PoolService-3] DEBUG io.restassured.internal.RequestSpecificationImpl$RestAssuredHttpBuilder  - Parsed data to instance of: class org.apache.http.conn.EofSensorInputStream
io.restassured.internal.RestAssuredResponseImpl@12e59f0a
47827 [TestNG-PoolService-3] DEBUG org.apache.http.wire  -  << "{"coord":{"lon":81.85,"lat":25.45},"weather":[{"id":802,"main":"Clouds","description":"scattered clouds","icon":"03n"}],"base":"stations","main":{"temp":299.32,"feels_like":302.53,"temp_min":299.32,"temp_max":299.32,"pressure":1007,"humidity":79,"sea_level":1007,"grnd_level":996},"visibility":10000,"wind":{"speed":2.31,"deg":92},"clouds":{"all":34},"dt":1602718963,"sys":{"country":"IN","sunrise":1602721857,"sunset":1602763524},"timezone":19800,"id":1278994,"name":"Allahabad","cod":200}"
47827 [TestNG-PoolService-3] DEBUG org.apache.http.impl.conn.BasicClientConnectionManager  - Releasing connection org.apache.http.impl.conn.ManagedClientConnectionImpl@5517e515
47827 [TestNG-PoolService-3] DEBUG org.apache.http.impl.conn.BasicClientConnectionManager  - Connection can be kept alive indefinitely
{"coord":{"lon":81.85,"lat":25.45},"weather":[{"id":802,"main":"Clouds","description":"scattered clouds","icon":"03n"}],"base":"stations","main":{"temp":299.32,"feels_like":302.53,"temp_min":299.32,"temp_max":299.32,"pressure":1007,"humidity":79,"sea_level":1007,"grnd_level":996},"visibility":10000,"wind":{"speed":2.31,"deg":92},"clouds":{"all":34},"dt":1602718963,"sys":{"country":"IN","sunrise":1602721857,"sunset":1602763524},"timezone":19800,"id":1278994,"name":"Allahabad","cod":200}
299.32
Celsius: 26.170013
47828 [TestNG-PoolService-3] INFO org.apache.log4j.Logger  - Temperature from API is 26.170013 for City Allahabad
47828 [TestNG-PoolService-3] INFO org.apache.log4j.Logger  - PASS: Difference between the API 26.170013 and UI 34.0 temp: 7.8299866 for City Allahabad is less than variance set: 10
48194 [Finalizer] DEBUG org.apache.http.impl.conn.DefaultClientConnection  - Connection 0.0.0.0:55485<->178.128.122.9:80 closed
48196 [Finalizer] DEBUG org.apache.http.impl.conn.DefaultClientConnection  - Connection 0.0.0.0:55484<->178.128.122.9:80 closed
48198 [Finalizer] DEBUG org.apache.http.impl.conn.DefaultClientConnection  - Connection 0.0.0.0:55483<->178.128.122.9:80 closed
]]></system-out>
  </testcase>
  <testcase name="getTemp[com.temp.test.City@133ce90c](2)" classname="com.temp.test.TestsWeather" time="0.005">
    <system-out><![CDATA[48220 [TestNG-PoolService-9] INFO org.apache.log4j.Logger  - Select the city on the pin menu
]]></system-out>
  </testcase>
  <testcase name="getTemp[com.temp.test.City@3208d0ce](3)" classname="com.temp.test.TestsWeather" time="0.005">
    <system-out><![CDATA[48248 [TestNG-PoolService-4] INFO org.apache.log4j.Logger  - Select the city on the pin menu
]]></system-out>
  </testcase>
  <testcase name="getTemp[com.temp.test.City@54807c63](4)" classname="com.temp.test.TestsWeather" time="0.033">
    <system-out><![CDATA[48277 [TestNG-PoolService-6] INFO org.apache.log4j.Logger  - Select the city on the pin menu
48294 [TestNG-PoolService-2] INFO org.apache.log4j.Logger  - Temperature on UI is 34.0 for City Aligarh
48294 [TestNG-PoolService-2] INFO org.apache.log4j.Logger  - Get Temp using API
48304 [TestNG-PoolService-2] DEBUG org.apache.http.impl.conn.BasicClientConnectionManager  - Get connection for route {}->http://api.openweathermap.org:80
48305 [TestNG-PoolService-2] DEBUG org.apache.http.impl.conn.DefaultClientConnectionOperator  - Connecting to api.openweathermap.org:80
]]></system-out>
  </testcase>
  <testcase name="getTemp[com.temp.test.City@4dc4a612](5)" classname="com.temp.test.TestsWeather" time="0.007">
    <system-out><![CDATA[48321 [TestNG-PoolService-7] INFO org.apache.log4j.Logger  - Select the city on the pin menu
]]></system-out>
  </testcase>
  <testcase name="getTemp[com.temp.test.City@23898ef1](6)" classname="com.temp.test.TestsWeather" time="0.005">
    <system-out><![CDATA[48342 [TestNG-PoolService-8] INFO org.apache.log4j.Logger  - Select the city on the pin menu
]]></system-out>
  </testcase>
  <testcase name="getTemp[com.temp.test.City@3201b64e](7)" classname="com.temp.test.TestsWeather" time="0.06">
    <system-out><![CDATA[48362 [TestNG-PoolService-0] INFO org.apache.log4j.Logger  - Select the city on the pin menu
48364 [TestNG-PoolService-2] DEBUG org.apache.http.client.protocol.RequestAddCookies  - CookieSpec selected: ignoreCookies
48365 [TestNG-PoolService-2] DEBUG org.apache.http.client.protocol.RequestAuthCache  - Auth cache not set in the context
48365 [TestNG-PoolService-2] DEBUG org.apache.http.client.protocol.RequestTargetAuthentication  - Target auth state: UNCHALLENGED
48365 [TestNG-PoolService-2] DEBUG org.apache.http.client.protocol.RequestProxyAuthentication  - Proxy auth state: UNCHALLENGED
48365 [TestNG-PoolService-2] DEBUG org.apache.http.impl.client.DefaultHttpClient  - Attempt 1 to execute request
48365 [TestNG-PoolService-2] DEBUG org.apache.http.impl.conn.DefaultClientConnection  - Sending request: GET /data/2.5/weather?q=Aligarh&appid=7fe67bf08c80ded756e598d6f8fedaea HTTP/1.1
48365 [TestNG-PoolService-2] DEBUG org.apache.http.wire  -  >> "GET /data/2.5/weather?q=Aligarh&appid=7fe67bf08c80ded756e598d6f8fedaea HTTP/1.1[\r][\n]"
48365 [TestNG-PoolService-2] DEBUG org.apache.http.wire  -  >> "Accept: */*[\r][\n]"
48365 [TestNG-PoolService-2] DEBUG org.apache.http.wire  -  >> "Host: api.openweathermap.org[\r][\n]"
48365 [TestNG-PoolService-2] DEBUG org.apache.http.wire  -  >> "Connection: Keep-Alive[\r][\n]"
48365 [TestNG-PoolService-2] DEBUG org.apache.http.wire  -  >> "User-Agent: Apache-HttpClient/4.5.3 (Java/1.8.0_201)[\r][\n]"
48365 [TestNG-PoolService-2] DEBUG org.apache.http.wire  -  >> "Accept-Encoding: gzip,deflate[\r][\n]"
48365 [TestNG-PoolService-2] DEBUG org.apache.http.wire  -  >> "[\r][\n]"
48365 [TestNG-PoolService-2] DEBUG org.apache.http.headers  - >> GET /data/2.5/weather?q=Aligarh&appid=7fe67bf08c80ded756e598d6f8fedaea HTTP/1.1
48365 [TestNG-PoolService-2] DEBUG org.apache.http.headers  - >> Accept: */*
48365 [TestNG-PoolService-2] DEBUG org.apache.http.headers  - >> Host: api.openweathermap.org
48365 [TestNG-PoolService-2] DEBUG org.apache.http.headers  - >> Connection: Keep-Alive
48365 [TestNG-PoolService-2] DEBUG org.apache.http.headers  - >> User-Agent: Apache-HttpClient/4.5.3 (Java/1.8.0_201)
48365 [TestNG-PoolService-2] DEBUG org.apache.http.headers  - >> Accept-Encoding: gzip,deflate
]]></system-out>
  </testcase>
  <testcase name="getTemp[com.temp.test.City@3be5bf64](8)" classname="com.temp.test.TestsWeather" time="0.125">
    <system-out><![CDATA[48383 [TestNG-PoolService-3] INFO org.apache.log4j.Logger  - Select the city on the pin menu
48447 [TestNG-PoolService-2] DEBUG org.apache.http.wire  -  << "HTTP/1.1 200 OK[\r][\n]"
48447 [TestNG-PoolService-2] DEBUG org.apache.http.wire  -  << "Server: openresty[\r][\n]"
48447 [TestNG-PoolService-2] DEBUG org.apache.http.wire  -  << "Date: Wed, 14 Oct 2020 23:47:32 GMT[\r][\n]"
48447 [TestNG-PoolService-2] DEBUG org.apache.http.wire  -  << "Content-Type: application/json; charset=utf-8[\r][\n]"
48447 [TestNG-PoolService-2] DEBUG org.apache.http.wire  -  << "Content-Length: 478[\r][\n]"
48447 [TestNG-PoolService-2] DEBUG org.apache.http.wire  -  << "Connection: keep-alive[\r][\n]"
48447 [TestNG-PoolService-2] DEBUG org.apache.http.wire  -  << "X-Cache-Key: /data/2.5/weather?q=aligarh[\r][\n]"
48447 [TestNG-PoolService-2] DEBUG org.apache.http.wire  -  << "Access-Control-Allow-Origin: *[\r][\n]"
48447 [TestNG-PoolService-2] DEBUG org.apache.http.wire  -  << "Access-Control-Allow-Credentials: true[\r][\n]"
48447 [TestNG-PoolService-2] DEBUG org.apache.http.wire  -  << "Access-Control-Allow-Methods: GET, POST[\r][\n]"
48447 [TestNG-PoolService-2] DEBUG org.apache.http.wire  -  << "[\r][\n]"
48447 [TestNG-PoolService-2] DEBUG org.apache.http.impl.conn.DefaultClientConnection  - Receiving response: HTTP/1.1 200 OK
48447 [TestNG-PoolService-2] DEBUG org.apache.http.headers  - << HTTP/1.1 200 OK
48447 [TestNG-PoolService-2] DEBUG org.apache.http.headers  - << Server: openresty
48447 [TestNG-PoolService-2] DEBUG org.apache.http.headers  - << Date: Wed, 14 Oct 2020 23:47:32 GMT
48447 [TestNG-PoolService-2] DEBUG org.apache.http.headers  - << Content-Type: application/json; charset=utf-8
48447 [TestNG-PoolService-2] DEBUG org.apache.http.headers  - << Content-Length: 478
48447 [TestNG-PoolService-2] DEBUG org.apache.http.headers  - << Connection: keep-alive
48447 [TestNG-PoolService-2] DEBUG org.apache.http.headers  - << X-Cache-Key: /data/2.5/weather?q=aligarh
48447 [TestNG-PoolService-2] DEBUG org.apache.http.headers  - << Access-Control-Allow-Origin: *
48447 [TestNG-PoolService-2] DEBUG org.apache.http.headers  - << Access-Control-Allow-Credentials: true
48447 [TestNG-PoolService-2] DEBUG org.apache.http.headers  - << Access-Control-Allow-Methods: GET, POST
48447 [TestNG-PoolService-2] DEBUG org.apache.http.impl.client.DefaultHttpClient  - Connection can be kept alive indefinitely
48448 [TestNG-PoolService-2] DEBUG io.restassured.internal.RequestSpecificationImpl$RestAssuredHttpBuilder  - Parsing response as: application/json; charset=utf-8
48448 [TestNG-PoolService-2] DEBUG io.restassured.internal.RequestSpecificationImpl$RestAssuredHttpBuilder  - Parsed data to instance of: class org.apache.http.conn.EofSensorInputStream
io.restassured.internal.RestAssuredResponseImpl@490ce99a
48451 [TestNG-PoolService-2] DEBUG org.apache.http.wire  -  << "{"coord":{"lon":78.08,"lat":27.88},"weather":[{"id":800,"main":"Clear","description":"clear sky","icon":"01n"}],"base":"stations","main":{"temp":297.58,"feels_like":297.1,"temp_min":297.58,"temp_max":297.58,"pressure":1007,"humidity":49,"sea_level":1007,"grnd_level":985},"visibility":10000,"wind":{"speed":2.02,"deg":68},"clouds":{"all":6},"dt":1602719252,"sys":{"country":"IN","sunrise":1602722868,"sunset":1602764322},"timezone":19800,"id":1279017,"name":"Aligarh","cod":200}"
48451 [TestNG-PoolService-2] DEBUG org.apache.http.impl.conn.BasicClientConnectionManager  - Releasing connection org.apache.http.impl.conn.ManagedClientConnectionImpl@6b67f5a
48451 [TestNG-PoolService-2] DEBUG org.apache.http.impl.conn.BasicClientConnectionManager  - Connection can be kept alive indefinitely
{"coord":{"lon":78.08,"lat":27.88},"weather":[{"id":800,"main":"Clear","description":"clear sky","icon":"01n"}],"base":"stations","main":{"temp":297.58,"feels_like":297.1,"temp_min":297.58,"temp_max":297.58,"pressure":1007,"humidity":49,"sea_level":1007,"grnd_level":985},"visibility":10000,"wind":{"speed":2.02,"deg":68},"clouds":{"all":6},"dt":1602719252,"sys":{"country":"IN","sunrise":1602722868,"sunset":1602764322},"timezone":19800,"id":1279017,"name":"Aligarh","cod":200}
297.58
Celsius: 24.429993
48452 [TestNG-PoolService-2] INFO org.apache.log4j.Logger  - Temperature from API is 24.429993 for City Aligarh
48452 [TestNG-PoolService-2] INFO org.apache.log4j.Logger  - PASS: Difference between the API 24.429993 and UI 34.0 temp: 9.570007 for City Aligarh is less than variance set: 10
]]></system-out>
  </testcase>
  <testcase name="getTemp[com.temp.test.City@4ecee6f3](9)" classname="com.temp.test.TestsWeather" time="1.414">
    <failure message="For city Ajmer: The Actual temp is 23.559998 and expected is 34.0 expected [34.0] but found [23.559998]" type="java.lang.AssertionError"><![CDATA[java.lang.AssertionError: For city Ajmer: The Actual temp is 23.559998 and expected is 34.0 expected [34.0] but found [23.559998]
	at com.temp.test.TestsWeather.getTemp(TestsWeather.java:224)
]]></failure>
    <system-out><![CDATA[48594 [TestNG-PoolService-2] INFO org.apache.log4j.Logger  - Select the city on the pin menu
49355 [TestNG-PoolService-1] INFO org.apache.log4j.Logger  - Temperature on UI is 34.0 for City Ajmer
49355 [TestNG-PoolService-1] INFO org.apache.log4j.Logger  - Get Temp using API
49360 [TestNG-PoolService-1] DEBUG org.apache.http.impl.conn.BasicClientConnectionManager  - Get connection for route {}->http://api.openweathermap.org:80
49361 [TestNG-PoolService-1] DEBUG org.apache.http.impl.conn.DefaultClientConnectionOperator  - Connecting to api.openweathermap.org:80
49417 [TestNG-PoolService-1] DEBUG org.apache.http.client.protocol.RequestAddCookies  - CookieSpec selected: ignoreCookies
49418 [TestNG-PoolService-1] DEBUG org.apache.http.client.protocol.RequestAuthCache  - Auth cache not set in the context
49418 [TestNG-PoolService-1] DEBUG org.apache.http.client.protocol.RequestTargetAuthentication  - Target auth state: UNCHALLENGED
49418 [TestNG-PoolService-1] DEBUG org.apache.http.client.protocol.RequestProxyAuthentication  - Proxy auth state: UNCHALLENGED
49418 [TestNG-PoolService-1] DEBUG org.apache.http.impl.client.DefaultHttpClient  - Attempt 1 to execute request
49418 [TestNG-PoolService-1] DEBUG org.apache.http.impl.conn.DefaultClientConnection  - Sending request: GET /data/2.5/weather?q=Ajmer&appid=7fe67bf08c80ded756e598d6f8fedaea HTTP/1.1
49418 [TestNG-PoolService-1] DEBUG org.apache.http.wire  -  >> "GET /data/2.5/weather?q=Ajmer&appid=7fe67bf08c80ded756e598d6f8fedaea HTTP/1.1[\r][\n]"
49418 [TestNG-PoolService-1] DEBUG org.apache.http.wire  -  >> "Accept: */*[\r][\n]"
49418 [TestNG-PoolService-1] DEBUG org.apache.http.wire  -  >> "Host: api.openweathermap.org[\r][\n]"
49418 [TestNG-PoolService-1] DEBUG org.apache.http.wire  -  >> "Connection: Keep-Alive[\r][\n]"
49418 [TestNG-PoolService-1] DEBUG org.apache.http.wire  -  >> "User-Agent: Apache-HttpClient/4.5.3 (Java/1.8.0_201)[\r][\n]"
49418 [TestNG-PoolService-1] DEBUG org.apache.http.wire  -  >> "Accept-Encoding: gzip,deflate[\r][\n]"
49418 [TestNG-PoolService-1] DEBUG org.apache.http.wire  -  >> "[\r][\n]"
49418 [TestNG-PoolService-1] DEBUG org.apache.http.headers  - >> GET /data/2.5/weather?q=Ajmer&appid=7fe67bf08c80ded756e598d6f8fedaea HTTP/1.1
49418 [TestNG-PoolService-1] DEBUG org.apache.http.headers  - >> Accept: */*
49418 [TestNG-PoolService-1] DEBUG org.apache.http.headers  - >> Host: api.openweathermap.org
49418 [TestNG-PoolService-1] DEBUG org.apache.http.headers  - >> Connection: Keep-Alive
49418 [TestNG-PoolService-1] DEBUG org.apache.http.headers  - >> User-Agent: Apache-HttpClient/4.5.3 (Java/1.8.0_201)
49418 [TestNG-PoolService-1] DEBUG org.apache.http.headers  - >> Accept-Encoding: gzip,deflate
49517 [TestNG-PoolService-1] DEBUG org.apache.http.wire  -  << "HTTP/1.1 200 OK[\r][\n]"
49517 [TestNG-PoolService-1] DEBUG org.apache.http.wire  -  << "Server: openresty[\r][\n]"
49517 [TestNG-PoolService-1] DEBUG org.apache.http.wire  -  << "Date: Wed, 14 Oct 2020 23:47:33 GMT[\r][\n]"
49517 [TestNG-PoolService-1] DEBUG org.apache.http.wire  -  << "Content-Type: application/json; charset=utf-8[\r][\n]"
49517 [TestNG-PoolService-1] DEBUG org.apache.http.wire  -  << "Content-Length: 480[\r][\n]"
49517 [TestNG-PoolService-1] DEBUG org.apache.http.wire  -  << "Connection: keep-alive[\r][\n]"
49517 [TestNG-PoolService-1] DEBUG org.apache.http.wire  -  << "X-Cache-Key: /data/2.5/weather?q=ajmer[\r][\n]"
49517 [TestNG-PoolService-1] DEBUG org.apache.http.wire  -  << "Access-Control-Allow-Origin: *[\r][\n]"
49517 [TestNG-PoolService-1] DEBUG org.apache.http.wire  -  << "Access-Control-Allow-Credentials: true[\r][\n]"
49517 [TestNG-PoolService-1] DEBUG org.apache.http.wire  -  << "Access-Control-Allow-Methods: GET, POST[\r][\n]"
49517 [TestNG-PoolService-1] DEBUG org.apache.http.wire  -  << "[\r][\n]"
49517 [TestNG-PoolService-1] DEBUG org.apache.http.impl.conn.DefaultClientConnection  - Receiving response: HTTP/1.1 200 OK
49517 [TestNG-PoolService-1] DEBUG org.apache.http.headers  - << HTTP/1.1 200 OK
49518 [TestNG-PoolService-1] DEBUG org.apache.http.headers  - << Server: openresty
49518 [TestNG-PoolService-1] DEBUG org.apache.http.headers  - << Date: Wed, 14 Oct 2020 23:47:33 GMT
49518 [TestNG-PoolService-1] DEBUG org.apache.http.headers  - << Content-Type: application/json; charset=utf-8
49518 [TestNG-PoolService-1] DEBUG org.apache.http.headers  - << Content-Length: 480
49518 [TestNG-PoolService-1] DEBUG org.apache.http.headers  - << Connection: keep-alive
49518 [TestNG-PoolService-1] DEBUG org.apache.http.headers  - << X-Cache-Key: /data/2.5/weather?q=ajmer
49518 [TestNG-PoolService-1] DEBUG org.apache.http.headers  - << Access-Control-Allow-Origin: *
49518 [TestNG-PoolService-1] DEBUG org.apache.http.headers  - << Access-Control-Allow-Credentials: true
49518 [TestNG-PoolService-1] DEBUG org.apache.http.headers  - << Access-Control-Allow-Methods: GET, POST
49518 [TestNG-PoolService-1] DEBUG org.apache.http.impl.client.DefaultHttpClient  - Connection can be kept alive indefinitely
49519 [TestNG-PoolService-1] DEBUG io.restassured.internal.RequestSpecificationImpl$RestAssuredHttpBuilder  - Parsing response as: application/json; charset=utf-8
49519 [TestNG-PoolService-1] DEBUG io.restassured.internal.RequestSpecificationImpl$RestAssuredHttpBuilder  - Parsed data to instance of: class org.apache.http.conn.EofSensorInputStream
io.restassured.internal.RestAssuredResponseImpl@48b49e25
49522 [TestNG-PoolService-1] DEBUG org.apache.http.wire  -  << "{"coord":{"lon":74.63,"lat":26.45},"weather":[{"id":801,"main":"Clouds","description":"few clouds","icon":"02n"}],"base":"stations","main":{"temp":296.71,"feels_like":294.11,"temp_min":296.71,"temp_max":296.71,"pressure":1007,"humidity":43,"sea_level":1007,"grnd_level":947},"visibility":10000,"wind":{"speed":3.87,"deg":68},"clouds":{"all":23},"dt":1602719253,"sys":{"country":"IN","sunrise":1602723634,"sunset":1602765212},"timezone":19800,"id":1279159,"name":"Ajmer","cod":200}"
49522 [TestNG-PoolService-1] DEBUG org.apache.http.impl.conn.BasicClientConnectionManager  - Releasing connection org.apache.http.impl.conn.ManagedClientConnectionImpl@72b7df53
49522 [TestNG-PoolService-1] DEBUG org.apache.http.impl.conn.BasicClientConnectionManager  - Connection can be kept alive indefinitely
{"coord":{"lon":74.63,"lat":26.45},"weather":[{"id":801,"main":"Clouds","description":"few clouds","icon":"02n"}],"base":"stations","main":{"temp":296.71,"feels_like":294.11,"temp_min":296.71,"temp_max":296.71,"pressure":1007,"humidity":43,"sea_level":1007,"grnd_level":947},"visibility":10000,"wind":{"speed":3.87,"deg":68},"clouds":{"all":23},"dt":1602719253,"sys":{"country":"IN","sunrise":1602723634,"sunset":1602765212},"timezone":19800,"id":1279159,"name":"Ajmer","cod":200}
296.71
Celsius: 23.559998
49524 [TestNG-PoolService-1] INFO org.apache.log4j.Logger  - Temperature from API is 23.559998 for City Ajmer
49524 [TestNG-PoolService-1] ERROR org.apache.log4j.Logger  - FAIL: Difference between the API 23.559998 and UI 34.0 temp: 10.440002 for City Ajmer is greater than variance set:10
49931 [Finalizer] DEBUG org.apache.http.impl.conn.DefaultClientConnection  - Connection 0.0.0.0:55487<->178.128.122.9:80 closed
49931 [Finalizer] DEBUG org.apache.http.impl.conn.DefaultClientConnection  - Connection 0.0.0.0:55489<->178.128.122.9:80 closed
50098 [TestNG-PoolService-5] INFO org.apache.log4j.Logger  - Temperature on UI is 34.0 for City Amritsar
50098 [TestNG-PoolService-5] INFO org.apache.log4j.Logger  - Get Temp using API
50104 [TestNG-PoolService-5] DEBUG org.apache.http.impl.conn.BasicClientConnectionManager  - Get connection for route {}->http://api.openweathermap.org:80
50104 [TestNG-PoolService-5] DEBUG org.apache.http.impl.conn.DefaultClientConnectionOperator  - Connecting to api.openweathermap.org:80
]]></system-out>
  </testcase>
  <testcase name="getTemp[com.temp.test.City@2ed9225f](10)" classname="com.temp.test.TestsWeather" time="0.218">
    <failure message="For city Amritsar: The Actual temp is 18.0 and expected is 34.0 expected [34.0] but found [18.0]" type="java.lang.AssertionError"><![CDATA[java.lang.AssertionError: For city Amritsar: The Actual temp is 18.0 and expected is 34.0 expected [34.0] but found [18.0]
	at com.temp.test.TestsWeather.getTemp(TestsWeather.java:224)
]]></failure>
    <system-out><![CDATA[50141 [TestNG-PoolService-1] INFO org.apache.log4j.Logger  - Select the city on the pin menu
50161 [TestNG-PoolService-5] DEBUG org.apache.http.client.protocol.RequestAddCookies  - CookieSpec selected: ignoreCookies
50161 [TestNG-PoolService-5] DEBUG org.apache.http.client.protocol.RequestAuthCache  - Auth cache not set in the context
50161 [TestNG-PoolService-5] DEBUG org.apache.http.client.protocol.RequestTargetAuthentication  - Target auth state: UNCHALLENGED
50161 [TestNG-PoolService-5] DEBUG org.apache.http.client.protocol.RequestProxyAuthentication  - Proxy auth state: UNCHALLENGED
50161 [TestNG-PoolService-5] DEBUG org.apache.http.impl.client.DefaultHttpClient  - Attempt 1 to execute request
50161 [TestNG-PoolService-5] DEBUG org.apache.http.impl.conn.DefaultClientConnection  - Sending request: GET /data/2.5/weather?q=Amritsar&appid=7fe67bf08c80ded756e598d6f8fedaea HTTP/1.1
50161 [TestNG-PoolService-5] DEBUG org.apache.http.wire  -  >> "GET /data/2.5/weather?q=Amritsar&appid=7fe67bf08c80ded756e598d6f8fedaea HTTP/1.1[\r][\n]"
50161 [TestNG-PoolService-5] DEBUG org.apache.http.wire  -  >> "Accept: */*[\r][\n]"
50161 [TestNG-PoolService-5] DEBUG org.apache.http.wire  -  >> "Host: api.openweathermap.org[\r][\n]"
50161 [TestNG-PoolService-5] DEBUG org.apache.http.wire  -  >> "Connection: Keep-Alive[\r][\n]"
50161 [TestNG-PoolService-5] DEBUG org.apache.http.wire  -  >> "User-Agent: Apache-HttpClient/4.5.3 (Java/1.8.0_201)[\r][\n]"
50161 [TestNG-PoolService-5] DEBUG org.apache.http.wire  -  >> "Accept-Encoding: gzip,deflate[\r][\n]"
50161 [TestNG-PoolService-5] DEBUG org.apache.http.wire  -  >> "[\r][\n]"
50161 [TestNG-PoolService-5] DEBUG org.apache.http.headers  - >> GET /data/2.5/weather?q=Amritsar&appid=7fe67bf08c80ded756e598d6f8fedaea HTTP/1.1
50161 [TestNG-PoolService-5] DEBUG org.apache.http.headers  - >> Accept: */*
50161 [TestNG-PoolService-5] DEBUG org.apache.http.headers  - >> Host: api.openweathermap.org
50161 [TestNG-PoolService-5] DEBUG org.apache.http.headers  - >> Connection: Keep-Alive
50161 [TestNG-PoolService-5] DEBUG org.apache.http.headers  - >> User-Agent: Apache-HttpClient/4.5.3 (Java/1.8.0_201)
50161 [TestNG-PoolService-5] DEBUG org.apache.http.headers  - >> Accept-Encoding: gzip,deflate
50253 [TestNG-PoolService-5] DEBUG org.apache.http.wire  -  << "HTTP/1.1 200 OK[\r][\n]"
50254 [TestNG-PoolService-5] DEBUG org.apache.http.wire  -  << "Server: openresty[\r][\n]"
50254 [TestNG-PoolService-5] DEBUG org.apache.http.wire  -  << "Date: Wed, 14 Oct 2020 23:47:34 GMT[\r][\n]"
50254 [TestNG-PoolService-5] DEBUG org.apache.http.wire  -  << "Content-Type: application/json; charset=utf-8[\r][\n]"
50254 [TestNG-PoolService-5] DEBUG org.apache.http.wire  -  << "Content-Length: 458[\r][\n]"
50254 [TestNG-PoolService-5] DEBUG org.apache.http.wire  -  << "Connection: keep-alive[\r][\n]"
50254 [TestNG-PoolService-5] DEBUG org.apache.http.wire  -  << "X-Cache-Key: /data/2.5/weather?q=amritsar[\r][\n]"
50254 [TestNG-PoolService-5] DEBUG org.apache.http.wire  -  << "Access-Control-Allow-Origin: *[\r][\n]"
50254 [TestNG-PoolService-5] DEBUG org.apache.http.wire  -  << "Access-Control-Allow-Credentials: true[\r][\n]"
50254 [TestNG-PoolService-5] DEBUG org.apache.http.wire  -  << "Access-Control-Allow-Methods: GET, POST[\r][\n]"
50254 [TestNG-PoolService-5] DEBUG org.apache.http.wire  -  << "[\r][\n]"
50254 [TestNG-PoolService-5] DEBUG org.apache.http.impl.conn.DefaultClientConnection  - Receiving response: HTTP/1.1 200 OK
50254 [TestNG-PoolService-5] DEBUG org.apache.http.headers  - << HTTP/1.1 200 OK
50254 [TestNG-PoolService-5] DEBUG org.apache.http.headers  - << Server: openresty
50254 [TestNG-PoolService-5] DEBUG org.apache.http.headers  - << Date: Wed, 14 Oct 2020 23:47:34 GMT
50254 [TestNG-PoolService-5] DEBUG org.apache.http.headers  - << Content-Type: application/json; charset=utf-8
50254 [TestNG-PoolService-5] DEBUG org.apache.http.headers  - << Content-Length: 458
50254 [TestNG-PoolService-5] DEBUG org.apache.http.headers  - << Connection: keep-alive
50254 [TestNG-PoolService-5] DEBUG org.apache.http.headers  - << X-Cache-Key: /data/2.5/weather?q=amritsar
50254 [TestNG-PoolService-5] DEBUG org.apache.http.headers  - << Access-Control-Allow-Origin: *
50254 [TestNG-PoolService-5] DEBUG org.apache.http.headers  - << Access-Control-Allow-Credentials: true
50254 [TestNG-PoolService-5] DEBUG org.apache.http.headers  - << Access-Control-Allow-Methods: GET, POST
50254 [TestNG-PoolService-5] DEBUG org.apache.http.impl.client.DefaultHttpClient  - Connection can be kept alive indefinitely
50254 [TestNG-PoolService-5] DEBUG io.restassured.internal.RequestSpecificationImpl$RestAssuredHttpBuilder  - Parsing response as: application/json; charset=utf-8
50254 [TestNG-PoolService-5] DEBUG io.restassured.internal.RequestSpecificationImpl$RestAssuredHttpBuilder  - Parsed data to instance of: class org.apache.http.conn.EofSensorInputStream
io.restassured.internal.RestAssuredResponseImpl@63a6ff68
50255 [TestNG-PoolService-5] DEBUG org.apache.http.wire  -  << "{"coord":{"lon":74.87,"lat":31.63},"weather":[{"id":701,"main":"Mist","description":"mist","icon":"50n"}],"base":"stations","main":{"temp":291.15,"feels_like":292.21,"temp_min":291.15,"temp_max":291.15,"pressure":1009,"humidity":88},"visibility":3000,"wind":{"speed":1.31,"deg":58},"clouds":{"all":0},"dt":1602719254,"sys":{"type":1,"id":9157,"country":"IN","sunrise":1602723812,"sunset":1602764920},"timezone":19800,"id":1278710,"name":"Amritsar","cod":200}"
50255 [TestNG-PoolService-5] DEBUG org.apache.http.impl.conn.BasicClientConnectionManager  - Releasing connection org.apache.http.impl.conn.ManagedClientConnectionImpl@753a93c6
50255 [TestNG-PoolService-5] DEBUG org.apache.http.impl.conn.BasicClientConnectionManager  - Connection can be kept alive indefinitely
{"coord":{"lon":74.87,"lat":31.63},"weather":[{"id":701,"main":"Mist","description":"mist","icon":"50n"}],"base":"stations","main":{"temp":291.15,"feels_like":292.21,"temp_min":291.15,"temp_max":291.15,"pressure":1009,"humidity":88},"visibility":3000,"wind":{"speed":1.31,"deg":58},"clouds":{"all":0},"dt":1602719254,"sys":{"type":1,"id":9157,"country":"IN","sunrise":1602723812,"sunset":1602764920},"timezone":19800,"id":1278710,"name":"Amritsar","cod":200}
291.15
Celsius: 18.0
50256 [TestNG-PoolService-5] INFO org.apache.log4j.Logger  - Temperature from API is 18.0 for City Amritsar
50256 [TestNG-PoolService-5] ERROR org.apache.log4j.Logger  - FAIL: Difference between the API 18.0 and UI 34.0 temp: 16.0 for City Amritsar is greater than variance set:10
]]></system-out>
  </testcase>
  <testcase name="getTemp[com.temp.test.City@befb6af](11)" classname="com.temp.test.TestsWeather" time="4.86">
    <failure message="For city Bikaner: The Actual temp is 25.630005 and expected is 36.0 expected [36.0] but found [25.630005]" type="java.lang.AssertionError"><![CDATA[java.lang.AssertionError: For city Bikaner: The Actual temp is 25.630005 and expected is 36.0 expected [36.0] but found [25.630005]
	at com.temp.test.TestsWeather.getTemp(TestsWeather.java:224)
]]></failure>
    <system-out><![CDATA[50418 [TestNG-PoolService-5] INFO org.apache.log4j.Logger  - Select the city on the pin menu
51108 [TestNG-PoolService-9] INFO org.apache.log4j.Logger  - Temperature on UI is 30.0 for City Bhiwandi
51108 [TestNG-PoolService-9] INFO org.apache.log4j.Logger  - Get Temp using API
51113 [TestNG-PoolService-9] DEBUG org.apache.http.impl.conn.BasicClientConnectionManager  - Get connection for route {}->http://api.openweathermap.org:80
51113 [TestNG-PoolService-9] DEBUG org.apache.http.impl.conn.DefaultClientConnectionOperator  - Connecting to api.openweathermap.org:80
51170 [TestNG-PoolService-9] DEBUG org.apache.http.client.protocol.RequestAddCookies  - CookieSpec selected: ignoreCookies
51171 [TestNG-PoolService-9] DEBUG org.apache.http.client.protocol.RequestAuthCache  - Auth cache not set in the context
51171 [TestNG-PoolService-9] DEBUG org.apache.http.client.protocol.RequestTargetAuthentication  - Target auth state: UNCHALLENGED
51171 [TestNG-PoolService-9] DEBUG org.apache.http.client.protocol.RequestProxyAuthentication  - Proxy auth state: UNCHALLENGED
51171 [TestNG-PoolService-9] DEBUG org.apache.http.impl.client.DefaultHttpClient  - Attempt 1 to execute request
51171 [TestNG-PoolService-9] DEBUG org.apache.http.impl.conn.DefaultClientConnection  - Sending request: GET /data/2.5/weather?q=Bhiwandi&appid=7fe67bf08c80ded756e598d6f8fedaea HTTP/1.1
[...]
99881 [TestNG-PoolService-3] DEBUG org.apache.http.headers  - >> Accept: */*
99881 [TestNG-PoolService-3] DEBUG org.apache.http.headers  - >> Host: api.openweathermap.org
99881 [TestNG-PoolService-3] DEBUG org.apache.http.headers  - >> Connection: Keep-Alive
99881 [TestNG-PoolService-3] DEBUG org.apache.http.headers  - >> User-Agent: Apache-HttpClient/4.5.3 (Java/1.8.0_201)
99881 [TestNG-PoolService-3] DEBUG org.apache.http.headers  - >> Accept-Encoding: gzip,deflate
99976 [TestNG-PoolService-3] DEBUG org.apache.http.wire  -  << "HTTP/1.1 200 OK[\r][\n]"
99976 [TestNG-PoolService-3] DEBUG org.apache.http.wire  -  << "Server: openresty[\r][\n]"
99976 [TestNG-PoolService-3] DEBUG org.apache.http.wire  -  << "Date: Wed, 14 Oct 2020 23:48:24 GMT[\r][\n]"
99976 [TestNG-PoolService-3] DEBUG org.apache.http.wire  -  << "Content-Type: application/json; charset=utf-8[\r][\n]"
99976 [TestNG-PoolService-3] DEBUG org.apache.http.wire  -  << "Content-Length: 492[\r][\n]"
99976 [TestNG-PoolService-3] DEBUG org.apache.http.wire  -  << "Connection: keep-alive[\r][\n]"
99976 [TestNG-PoolService-3] DEBUG org.apache.http.wire  -  << "X-Cache-Key: /data/2.5/weather?q=vijayawada[\r][\n]"
99976 [TestNG-PoolService-3] DEBUG org.apache.http.wire  -  << "Access-Control-Allow-Origin: *[\r][\n]"
99976 [TestNG-PoolService-3] DEBUG org.apache.http.wire  -  << "Access-Control-Allow-Credentials: true[\r][\n]"
99976 [TestNG-PoolService-3] DEBUG org.apache.http.wire  -  << "Access-Control-Allow-Methods: GET, POST[\r][\n]"
99976 [TestNG-PoolService-3] DEBUG org.apache.http.wire  -  << "[\r][\n]"
99976 [TestNG-PoolService-3] DEBUG org.apache.http.impl.conn.DefaultClientConnection  - Receiving response: HTTP/1.1 200 OK
99976 [TestNG-PoolService-3] DEBUG org.apache.http.headers  - << HTTP/1.1 200 OK
99976 [TestNG-PoolService-3] DEBUG org.apache.http.headers  - << Server: openresty
99976 [TestNG-PoolService-3] DEBUG org.apache.http.headers  - << Date: Wed, 14 Oct 2020 23:48:24 GMT
99976 [TestNG-PoolService-3] DEBUG org.apache.http.headers  - << Content-Type: application/json; charset=utf-8
99976 [TestNG-PoolService-3] DEBUG org.apache.http.headers  - << Content-Length: 492
99976 [TestNG-PoolService-3] DEBUG org.apache.http.headers  - << Connection: keep-alive
99976 [TestNG-PoolService-3] DEBUG org.apache.http.headers  - << X-Cache-Key: /data/2.5/weather?q=vijayawada
99976 [TestNG-PoolService-3] DEBUG org.apache.http.headers  - << Access-Control-Allow-Origin: *
99976 [TestNG-PoolService-3] DEBUG org.apache.http.headers  - << Access-Control-Allow-Credentials: true
99976 [TestNG-PoolService-3] DEBUG org.apache.http.headers  - << Access-Control-Allow-Methods: GET, POST
99976 [TestNG-PoolService-3] DEBUG org.apache.http.impl.client.DefaultHttpClient  - Connection can be kept alive indefinitely
99976 [TestNG-PoolService-3] DEBUG io.restassured.internal.RequestSpecificationImpl$RestAssuredHttpBuilder  - Parsing response as: application/json; charset=utf-8
99976 [TestNG-PoolService-3] DEBUG io.restassured.internal.RequestSpecificationImpl$RestAssuredHttpBuilder  - Parsed data to instance of: class org.apache.http.conn.EofSensorInputStream
io.restassured.internal.RestAssuredResponseImpl@256d77d3
99977 [TestNG-PoolService-3] DEBUG org.apache.http.wire  -  << "{"coord":{"lon":80.62,"lat":16.52},"weather":[{"id":804,"main":"Clouds","description":"overcast clouds","icon":"04n"}],"base":"stations","main":{"temp":297.22,"feels_like":301.82,"temp_min":297.22,"temp_max":297.22,"pressure":1003,"humidity":93,"sea_level":1003,"grnd_level":1000},"visibility":10000,"wind":{"speed":0.82,"deg":146},"clouds":{"all":96},"dt":1602719304,"sys":{"country":"IN","sunrise":1602721792,"sunset":1602764179},"timezone":19800,"id":1253184,"name":"Vijayawada","cod":200}"
99977 [TestNG-PoolService-3] DEBUG org.apache.http.impl.conn.BasicClientConnectionManager  - Releasing connection org.apache.http.impl.conn.ManagedClientConnectionImpl@f269535
99977 [TestNG-PoolService-3] DEBUG org.apache.http.impl.conn.BasicClientConnectionManager  - Connection can be kept alive indefinitely
{"coord":{"lon":80.62,"lat":16.52},"weather":[{"id":804,"main":"Clouds","description":"overcast clouds","icon":"04n"}],"base":"stations","main":{"temp":297.22,"feels_like":301.82,"temp_min":297.22,"temp_max":297.22,"pressure":1003,"humidity":93,"sea_level":1003,"grnd_level":1000},"visibility":10000,"wind":{"speed":0.82,"deg":146},"clouds":{"all":96},"dt":1602719304,"sys":{"country":"IN","sunrise":1602721792,"sunset":1602764179},"timezone":19800,"id":1253184,"name":"Vijayawada","cod":200}
297.22
Celsius: 24.070007
99977 [TestNG-PoolService-3] INFO org.apache.log4j.Logger  - Temperature from API is 24.070007 for City Vijayawada
99977 [TestNG-PoolService-3] INFO org.apache.log4j.Logger  - PASS: Difference between the API 24.070007 and UI 30.0 temp: 5.9299927 for City Vijayawada is less than variance set: 10
100347 [Finalizer] DEBUG org.apache.http.impl.conn.DefaultClientConnection  - Connection 0.0.0.0:55592<->178.128.122.9:80 closed
]]></system-out>
  </testcase>
  <testcase name="getTemp[com.temp.test.City@1c45ae14](84)" classname="com.temp.test.TestsWeather" time="5.367"/>
  <testcase name="getTemp[com.temp.test.City@16fedbcb](85)" classname="com.temp.test.TestsWeather" time="6.383">
    <system-out><![CDATA[101496 [TestNG-PoolService-5] INFO org.apache.log4j.Logger  - Temperature on UI is 27.0 for City Warangal
101497 [TestNG-PoolService-5] INFO org.apache.log4j.Logger  - Get Temp using API
101497 [TestNG-PoolService-4] INFO org.apache.log4j.Logger  - Temperature on UI is 28.0 for City Visakhapatnam
101497 [TestNG-PoolService-4] INFO org.apache.log4j.Logger  - Get Temp using API
101506 [TestNG-PoolService-5] DEBUG org.apache.http.impl.conn.BasicClientConnectionManager  - Get connection for route {}->http://api.openweathermap.org:80
101506 [TestNG-PoolService-5] DEBUG org.apache.http.impl.conn.DefaultClientConnectionOperator  - Connecting to api.openweathermap.org:80
101506 [TestNG-PoolService-4] DEBUG org.apache.http.impl.conn.BasicClientConnectionManager  - Get connection for route {}->http://api.openweathermap.org:80
101507 [TestNG-PoolService-4] DEBUG org.apache.http.impl.conn.DefaultClientConnectionOperator  - Connecting to api.openweathermap.org:80
101562 [TestNG-PoolService-5] DEBUG org.apache.http.client.protocol.RequestAddCookies  - CookieSpec selected: ignoreCookies
101562 [TestNG-PoolService-5] DEBUG org.apache.http.client.protocol.RequestAuthCache  - Auth cache not set in the context
101562 [TestNG-PoolService-5] DEBUG org.apache.http.client.protocol.RequestTargetAuthentication  - Target auth state: UNCHALLENGED
101562 [TestNG-PoolService-5] DEBUG org.apache.http.client.protocol.RequestProxyAuthentication  - Proxy auth state: UNCHALLENGED
101562 [TestNG-PoolService-5] DEBUG org.apache.http.impl.client.DefaultHttpClient  - Attempt 1 to execute request
101562 [TestNG-PoolService-5] DEBUG org.apache.http.impl.conn.DefaultClientConnection  - Sending request: GET /data/2.5/weather?q=Warangal&appid=7fe67bf08c80ded756e598d6f8fedaea HTTP/1.1
101562 [TestNG-PoolService-5] DEBUG org.apache.http.wire  -  >> "GET /data/2.5/weather?q=Warangal&appid=7fe67bf08c80ded756e598d6f8fedaea HTTP/1.1[\r][\n]"
101562 [TestNG-PoolService-5] DEBUG org.apache.http.wire  -  >> "Accept: */*[\r][\n]"
101562 [TestNG-PoolService-5] DEBUG org.apache.http.wire  -  >> "Host: api.openweathermap.org[\r][\n]"
101562 [TestNG-PoolService-5] DEBUG org.apache.http.wire  -  >> "Connection: Keep-Alive[\r][\n]"
101563 [TestNG-PoolService-5] DEBUG org.apache.http.wire  -  >> "User-Agent: Apache-HttpClient/4.5.3 (Java/1.8.0_201)[\r][\n]"
101563 [TestNG-PoolService-5] DEBUG org.apache.http.wire  -  >> "Accept-Encoding: gzip,deflate[\r][\n]"
101563 [TestNG-PoolService-5] DEBUG org.apache.http.wire  -  >> "[\r][\n]"
101563 [TestNG-PoolService-5] DEBUG org.apache.http.headers  - >> GET /data/2.5/weather?q=Warangal&appid=7fe67bf08c80ded756e598d6f8fedaea HTTP/1.1
101563 [TestNG-PoolService-5] DEBUG org.apache.http.headers  - >> Accept: */*
101563 [TestNG-PoolService-5] DEBUG org.apache.http.headers  - >> Host: api.openweathermap.org
101563 [TestNG-PoolService-5] DEBUG org.apache.http.headers  - >> Connection: Keep-Alive
101563 [TestNG-PoolService-5] DEBUG org.apache.http.headers  - >> User-Agent: Apache-HttpClient/4.5.3 (Java/1.8.0_201)
101563 [TestNG-PoolService-5] DEBUG org.apache.http.headers  - >> Accept-Encoding: gzip,deflate
101563 [TestNG-PoolService-4] DEBUG org.apache.http.client.protocol.RequestAddCookies  - CookieSpec selected: ignoreCookies
101564 [TestNG-PoolService-4] DEBUG org.apache.http.client.protocol.RequestAuthCache  - Auth cache not set in the context
101564 [TestNG-PoolService-4] DEBUG org.apache.http.client.protocol.RequestTargetAuthentication  - Target auth state: UNCHALLENGED
101564 [TestNG-PoolService-4] DEBUG org.apache.http.client.protocol.RequestProxyAuthentication  - Proxy auth state: UNCHALLENGED
101564 [TestNG-PoolService-4] DEBUG org.apache.http.impl.client.DefaultHttpClient  - Attempt 1 to execute request
101564 [TestNG-PoolService-4] DEBUG org.apache.http.impl.conn.DefaultClientConnection  - Sending request: GET /data/2.5/weather?q=Visakhapatnam&appid=7fe67bf08c80ded756e598d6f8fedaea HTTP/1.1
101564 [TestNG-PoolService-4] DEBUG org.apache.http.wire  -  >> "GET /data/2.5/weather?q=Visakhapatnam&appid=7fe67bf08c80ded756e598d6f8fedaea HTTP/1.1[\r][\n]"
101564 [TestNG-PoolService-4] DEBUG org.apache.http.wire  -  >> "Accept: */*[\r][\n]"
101564 [TestNG-PoolService-4] DEBUG org.apache.http.wire  -  >> "Host: api.openweathermap.org[\r][\n]"
101564 [TestNG-PoolService-4] DEBUG org.apache.http.wire  -  >> "Connection: Keep-Alive[\r][\n]"
101564 [TestNG-PoolService-4] DEBUG org.apache.http.wire  -  >> "User-Agent: Apache-HttpClient/4.5.3 (Java/1.8.0_201)[\r][\n]"
101564 [TestNG-PoolService-4] DEBUG org.apache.http.wire  -  >> "Accept-Encoding: gzip,deflate[\r][\n]"
101564 [TestNG-PoolService-4] DEBUG org.apache.http.wire  -  >> "[\r][\n]"
101564 [TestNG-PoolService-4] DEBUG org.apache.http.headers  - >> GET /data/2.5/weather?q=Visakhapatnam&appid=7fe67bf08c80ded756e598d6f8fedaea HTTP/1.1
101564 [TestNG-PoolService-4] DEBUG org.apache.http.headers  - >> Accept: */*
101564 [TestNG-PoolService-4] DEBUG org.apache.http.headers  - >> Host: api.openweathermap.org
101564 [TestNG-PoolService-4] DEBUG org.apache.http.headers  - >> Connection: Keep-Alive
101564 [TestNG-PoolService-4] DEBUG org.apache.http.headers  - >> User-Agent: Apache-HttpClient/4.5.3 (Java/1.8.0_201)
101564 [TestNG-PoolService-4] DEBUG org.apache.http.headers  - >> Accept-Encoding: gzip,deflate
101624 [TestNG-PoolService-4] DEBUG org.apache.http.wire  -  << "HTTP/1.1 200 OK[\r][\n]"
101624 [TestNG-PoolService-4] DEBUG org.apache.http.wire  -  << "Server: openresty[\r][\n]"
101624 [TestNG-PoolService-4] DEBUG org.apache.http.wire  -  << "Date: Wed, 14 Oct 2020 23:48:25 GMT[\r][\n]"
101624 [TestNG-PoolService-4] DEBUG org.apache.http.wire  -  << "Content-Type: application/json; charset=utf-8[\r][\n]"
101624 [TestNG-PoolService-4] DEBUG org.apache.http.wire  -  << "Content-Length: 587[\r][\n]"
101624 [TestNG-PoolService-4] DEBUG org.apache.http.wire  -  << "Connection: keep-alive[\r][\n]"
101624 [TestNG-PoolService-4] DEBUG org.apache.http.wire  -  << "X-Cache-Key: /data/2.5/weather?q=visakhapatnam[\r][\n]"
101624 [TestNG-PoolService-4] DEBUG org.apache.http.wire  -  << "Access-Control-Allow-Origin: *[\r][\n]"
101624 [TestNG-PoolService-4] DEBUG org.apache.http.wire  -  << "Access-Control-Allow-Credentials: true[\r][\n]"
101624 [TestNG-PoolService-4] DEBUG org.apache.http.wire  -  << "Access-Control-Allow-Methods: GET, POST[\r][\n]"
101624 [TestNG-PoolService-4] DEBUG org.apache.http.wire  -  << "[\r][\n]"
101624 [TestNG-PoolService-4] DEBUG org.apache.http.impl.conn.DefaultClientConnection  - Receiving response: HTTP/1.1 200 OK
101624 [TestNG-PoolService-4] DEBUG org.apache.http.headers  - << HTTP/1.1 200 OK
101624 [TestNG-PoolService-4] DEBUG org.apache.http.headers  - << Server: openresty
101624 [TestNG-PoolService-4] DEBUG org.apache.http.headers  - << Date: Wed, 14 Oct 2020 23:48:25 GMT
101624 [TestNG-PoolService-4] DEBUG org.apache.http.headers  - << Content-Type: application/json; charset=utf-8
101624 [TestNG-PoolService-4] DEBUG org.apache.http.headers  - << Content-Length: 587
101625 [TestNG-PoolService-4] DEBUG org.apache.http.headers  - << Connection: keep-alive
101625 [TestNG-PoolService-4] DEBUG org.apache.http.headers  - << X-Cache-Key: /data/2.5/weather?q=visakhapatnam
101625 [TestNG-PoolService-4] DEBUG org.apache.http.headers  - << Access-Control-Allow-Origin: *
101625 [TestNG-PoolService-4] DEBUG org.apache.http.headers  - << Access-Control-Allow-Credentials: true
101625 [TestNG-PoolService-4] DEBUG org.apache.http.headers  - << Access-Control-Allow-Methods: GET, POST
101625 [TestNG-PoolService-4] DEBUG org.apache.http.impl.client.DefaultHttpClient  - Connection can be kept alive indefinitely
101625 [TestNG-PoolService-4] DEBUG io.restassured.internal.RequestSpecificationImpl$RestAssuredHttpBuilder  - Parsing response as: application/json; charset=utf-8
101626 [TestNG-PoolService-4] DEBUG io.restassured.internal.RequestSpecificationImpl$RestAssuredHttpBuilder  - Parsed data to instance of: class org.apache.http.conn.EofSensorInputStream
io.restassured.internal.RestAssuredResponseImpl@72518e87
101627 [TestNG-PoolService-4] DEBUG org.apache.http.wire  -  << "{"coord":{"lon":83.21,"lat":17.69},"weather":[{"id":502,"main":"Rain","description":"heavy intensity rain","icon":"10n"},{"id":200,"main":"Thunderstorm","description":"thunderstorm with light rain","icon":"11n"}],"base":"stations","main":{"temp":299.15,"feels_like":305.51,"temp_min":299.15,"temp_max":299.15,"pressure":1003,"humidity":100},"visibility":4000,"wind":{"speed":1,"deg":0},"rain":{"1h":5.62},"clouds":{"all":75},"dt":1602719230,"sys":{"type":1,"id":9255,"country":"IN","sunrise":1602721216,"sunset":1602763513},"timezone":19800,"id":1253102,"name":"Visakhapatnam","cod":200}"
101627 [TestNG-PoolService-4] DEBUG org.apache.http.impl.conn.BasicClientConnectionManager  - Releasing connection org.apache.http.impl.conn.ManagedClientConnectionImpl@360bebc0
101627 [TestNG-PoolService-4] DEBUG org.apache.http.impl.conn.BasicClientConnectionManager  - Connection can be kept alive indefinitely
{"coord":{"lon":83.21,"lat":17.69},"weather":[{"id":502,"main":"Rain","description":"heavy intensity rain","icon":"10n"},{"id":200,"main":"Thunderstorm","description":"thunderstorm with light rain","icon":"11n"}],"base":"stations","main":{"temp":299.15,"feels_like":305.51,"temp_min":299.15,"temp_max":299.15,"pressure":1003,"humidity":100},"visibility":4000,"wind":{"speed":1,"deg":0},"rain":{"1h":5.62},"clouds":{"all":75},"dt":1602719230,"sys":{"type":1,"id":9255,"country":"IN","sunrise":1602721216,"sunset":1602763513},"timezone":19800,"id":1253102,"name":"Visakhapatnam","cod":200}
299.15
Celsius: 26.0
101629 [TestNG-PoolService-4] INFO org.apache.log4j.Logger  - Temperature from API is 26.0 for City Visakhapatnam
101629 [TestNG-PoolService-4] INFO org.apache.log4j.Logger  - PASS: Difference between the API 26.0 and UI 28.0 temp: 2.0 for City Visakhapatnam is less than variance set: 10
101631 [TestNG-PoolService-5] DEBUG org.apache.http.wire  -  << "HTTP/1.1 200 OK[\r][\n]"
101631 [TestNG-PoolService-5] DEBUG org.apache.http.wire  -  << "Server: openresty[\r][\n]"
101631 [TestNG-PoolService-5] DEBUG org.apache.http.wire  -  << "Date: Wed, 14 Oct 2020 23:48:25 GMT[\r][\n]"
101631 [TestNG-PoolService-5] DEBUG org.apache.http.wire  -  << "Content-Type: application/json; charset=utf-8[\r][\n]"
101631 [TestNG-PoolService-5] DEBUG org.apache.http.wire  -  << "Content-Length: 483[\r][\n]"
101631 [TestNG-PoolService-5] DEBUG org.apache.http.wire  -  << "Connection: keep-alive[\r][\n]"
101631 [TestNG-PoolService-5] DEBUG org.apache.http.wire  -  << "X-Cache-Key: /data/2.5/weather?q=warangal[\r][\n]"
101631 [TestNG-PoolService-5] DEBUG org.apache.http.wire  -  << "Access-Control-Allow-Origin: *[\r][\n]"
101631 [TestNG-PoolService-5] DEBUG org.apache.http.wire  -  << "Access-Control-Allow-Credentials: true[\r][\n]"
101631 [TestNG-PoolService-5] DEBUG org.apache.http.wire  -  << "Access-Control-Allow-Methods: GET, POST[\r][\n]"
101631 [TestNG-PoolService-5] DEBUG org.apache.http.wire  -  << "[\r][\n]"
101631 [TestNG-PoolService-5] DEBUG org.apache.http.impl.conn.DefaultClientConnection  - Receiving response: HTTP/1.1 200 OK
101632 [TestNG-PoolService-5] DEBUG org.apache.http.headers  - << HTTP/1.1 200 OK
101632 [TestNG-PoolService-5] DEBUG org.apache.http.headers  - << Server: openresty
101632 [TestNG-PoolService-5] DEBUG org.apache.http.headers  - << Date: Wed, 14 Oct 2020 23:48:25 GMT
101632 [TestNG-PoolService-5] DEBUG org.apache.http.headers  - << Content-Type: application/json; charset=utf-8
101632 [TestNG-PoolService-5] DEBUG org.apache.http.headers  - << Content-Length: 483
101632 [TestNG-PoolService-5] DEBUG org.apache.http.headers  - << Connection: keep-alive
101632 [TestNG-PoolService-5] DEBUG org.apache.http.headers  - << X-Cache-Key: /data/2.5/weather?q=warangal
101632 [TestNG-PoolService-5] DEBUG org.apache.http.headers  - << Access-Control-Allow-Origin: *
101632 [TestNG-PoolService-5] DEBUG org.apache.http.headers  - << Access-Control-Allow-Credentials: true
101632 [TestNG-PoolService-5] DEBUG org.apache.http.headers  - << Access-Control-Allow-Methods: GET, POST
101632 [TestNG-PoolService-5] DEBUG org.apache.http.impl.client.DefaultHttpClient  - Connection can be kept alive indefinitely
101633 [TestNG-PoolService-5] DEBUG io.restassured.internal.RequestSpecificationImpl$RestAssuredHttpBuilder  - Parsing response as: application/json; charset=utf-8
101633 [TestNG-PoolService-5] DEBUG io.restassured.internal.RequestSpecificationImpl$RestAssuredHttpBuilder  - Parsed data to instance of: class org.apache.http.conn.EofSensorInputStream
io.restassured.internal.RestAssuredResponseImpl@721820d9
101634 [TestNG-PoolService-5] DEBUG org.apache.http.wire  -  << "{"coord":{"lon":79.58,"lat":18},"weather":[{"id":803,"main":"Clouds","description":"broken clouds","icon":"04n"}],"base":"stations","main":{"temp":295.78,"feels_like":299.13,"temp_min":295.78,"temp_max":295.78,"pressure":1003,"humidity":96,"sea_level":1003,"grnd_level":974},"visibility":10000,"wind":{"speed":1.9,"deg":143},"clouds":{"all":63},"dt":1602719305,"sys":{"country":"IN","sunrise":1602722099,"sunset":1602764371},"timezone":19800,"id":1252948,"name":"Warangal","cod":200}"
101635 [TestNG-PoolService-5] DEBUG org.apache.http.impl.conn.BasicClientConnectionManager  - Releasing connection org.apache.http.impl.conn.ManagedClientConnectionImpl@e1e3864
101635 [TestNG-PoolService-5] DEBUG org.apache.http.impl.conn.BasicClientConnectionManager  - Connection can be kept alive indefinitely
{"coord":{"lon":79.58,"lat":18},"weather":[{"id":803,"main":"Clouds","description":"broken clouds","icon":"04n"}],"base":"stations","main":{"temp":295.78,"feels_like":299.13,"temp_min":295.78,"temp_max":295.78,"pressure":1003,"humidity":96,"sea_level":1003,"grnd_level":974},"visibility":10000,"wind":{"speed":1.9,"deg":143},"clouds":{"all":63},"dt":1602719305,"sys":{"country":"IN","sunrise":1602722099,"sunset":1602764371},"timezone":19800,"id":1252948,"name":"Warangal","cod":200}
295.78
Celsius: 22.630005
101637 [TestNG-PoolService-5] INFO org.apache.log4j.Logger  - Temperature from API is 22.630005 for City Warangal
101637 [TestNG-PoolService-5] INFO org.apache.log4j.Logger  - PASS: Difference between the API 22.630005 and UI 27.0 temp: 4.369995 for City Warangal is less than variance set: 10
]]></system-out>
  </testcase>
  <testcase name="getTemp[com.temp.test.City@2cb18b80](86)" classname="com.temp.test.TestsWeather" time="6.383"/>
</testsuite>